{"/home/admin/Área de Trabalho/BP TECH/EVO/teste/desafioBPTech/api/src/__mocks __/fakeObjectId.ts": {"path":"/home/admin/Área de Trabalho/BP TECH/EVO/teste/desafioBPTech/api/src/__mocks __/fakeObjectId.ts","statementMap":{"0":{"start":{"line":1,"column":13},"end":{"line":1,"column":55}},"1":{"start":{"line":2,"column":13},"end":{"line":6,"column":2}},"2":{"start":{"line":7,"column":13},"end":{"line":7,"column":null}}},"fnMap":{},"branchMap":{},"s":{"0":8,"1":8,"2":8},"f":{},"b":{}}
,"/home/admin/Área de Trabalho/BP TECH/EVO/teste/desafioBPTech/api/src/__mocks __/fakeRequestResponse.ts": {"path":"/home/admin/Área de Trabalho/BP TECH/EVO/teste/desafioBPTech/api/src/__mocks __/fakeRequestResponse.ts","statementMap":{"0":{"start":{"line":2,"column":0},"end":{"line":2,"column":36}},"1":{"start":{"line":4,"column":27},"end":{"line":10,"column":1}},"2":{"start":{"line":5,"column":16},"end":{"line":5,"column":29}},"3":{"start":{"line":6,"column":4},"end":{"line":6,"column":null}},"4":{"start":{"line":7,"column":4},"end":{"line":7,"column":null}},"5":{"start":{"line":8,"column":4},"end":{"line":8,"column":null}},"6":{"start":{"line":9,"column":4},"end":{"line":9,"column":null}},"7":{"start":{"line":4,"column":13},"end":{"line":4,"column":27}},"8":{"start":{"line":12,"column":34},"end":{"line":18,"column":1}},"9":{"start":{"line":13,"column":16},"end":{"line":13,"column":29}},"10":{"start":{"line":14,"column":4},"end":{"line":14,"column":null}},"11":{"start":{"line":15,"column":4},"end":{"line":15,"column":null}},"12":{"start":{"line":16,"column":4},"end":{"line":16,"column":null}},"13":{"start":{"line":17,"column":4},"end":{"line":17,"column":null}},"14":{"start":{"line":12,"column":13},"end":{"line":12,"column":34}},"15":{"start":{"line":20,"column":28},"end":{"line":25,"column":1}},"16":{"start":{"line":21,"column":16},"end":{"line":21,"column":30}},"17":{"start":{"line":22,"column":4},"end":{"line":22,"column":null}},"18":{"start":{"line":23,"column":4},"end":{"line":23,"column":null}},"19":{"start":{"line":24,"column":4},"end":{"line":24,"column":null}},"20":{"start":{"line":20,"column":13},"end":{"line":20,"column":28}}},"fnMap":{"0":{"name":"(anonymous_0)","decl":{"start":{"line":4,"column":27},"end":{"line":4,"column":30}},"loc":{"start":{"line":4,"column":32},"end":{"line":10,"column":1}}},"1":{"name":"(anonymous_1)","decl":{"start":{"line":12,"column":34},"end":{"line":12,"column":37}},"loc":{"start":{"line":12,"column":39},"end":{"line":18,"column":1}}},"2":{"name":"(anonymous_2)","decl":{"start":{"line":20,"column":28},"end":{"line":20,"column":31}},"loc":{"start":{"line":20,"column":33},"end":{"line":25,"column":1}}}},"branchMap":{},"s":{"0":3,"1":3,"2":3,"3":3,"4":3,"5":3,"6":3,"7":3,"8":3,"9":0,"10":0,"11":0,"12":0,"13":0,"14":3,"15":3,"16":3,"17":3,"18":3,"19":3,"20":3},"f":{"0":3,"1":0,"2":3},"b":{}}
,"/home/admin/Área de Trabalho/BP TECH/EVO/teste/desafioBPTech/api/src/modules/appointment/controllers/AppointmentController.ts": {"path":"/home/admin/Área de Trabalho/BP TECH/EVO/teste/desafioBPTech/api/src/modules/appointment/controllers/AppointmentController.ts","statementMap":{"0":{"start":{"line":1,"column":0},"end":{"line":1,"column":67}},"1":{"start":{"line":4,"column":0},"end":{"line":4,"column":87}},"2":{"start":{"line":6,"column":0},"end":{"line":6,"column":92}},"3":{"start":{"line":8,"column":0},"end":{"line":8,"column":46}},"4":{"start":{"line":9,"column":0},"end":{"line":9,"column":74}},"5":{"start":{"line":11,"column":0},"end":{"line":11,"column":99}},"6":{"start":{"line":14,"column":31},"end":{"line":14,"column":70}},"7":{"start":{"line":17,"column":4},"end":{"line":28,"column":5}},"8":{"start":{"line":18,"column":86},"end":{"line":18,"column":95}},"9":{"start":{"line":19,"column":20},"end":{"line":19,"column":112}},"10":{"start":{"line":20,"column":27},"end":{"line":20,"column":70}},"11":{"start":{"line":21,"column":6},"end":{"line":23,"column":28}},"12":{"start":{"line":25,"column":6},"end":{"line":27,"column":21}},"13":{"start":{"line":32,"column":4},"end":{"line":54,"column":5}},"14":{"start":{"line":33,"column":31},"end":{"line":33,"column":39}},"15":{"start":{"line":34,"column":6},"end":{"line":34,"column":62}},"16":{"start":{"line":35,"column":51},"end":{"line":35,"column":67}},"17":{"start":{"line":37,"column":27},"end":{"line":39,"column":null}},"18":{"start":{"line":41,"column":6},"end":{"line":43,"column":28}},"19":{"start":{"line":45,"column":6},"end":{"line":49,"column":7}},"20":{"start":{"line":46,"column":23},"end":{"line":46,"column":76}},"21":{"start":{"line":46,"column":58},"end":{"line":46,"column":74}},"22":{"start":{"line":47,"column":8},"end":{"line":47,"column":60}},"23":{"start":{"line":48,"column":8},"end":{"line":48,"column":14}},"24":{"start":{"line":51,"column":6},"end":{"line":53,"column":21}},"25":{"start":{"line":58,"column":4},"end":{"line":68,"column":5}},"26":{"start":{"line":59,"column":21},"end":{"line":59,"column":31}},"27":{"start":{"line":60,"column":26},"end":{"line":60,"column":67}},"28":{"start":{"line":61,"column":6},"end":{"line":63,"column":27}},"29":{"start":{"line":65,"column":6},"end":{"line":67,"column":21}},"30":{"start":{"line":72,"column":4},"end":{"line":80,"column":5}},"31":{"start":{"line":73,"column":21},"end":{"line":73,"column":31}},"32":{"start":{"line":74,"column":27},"end":{"line":74,"column":72}},"33":{"start":{"line":75,"column":6},"end":{"line":75,"column":51}},"34":{"start":{"line":77,"column":6},"end":{"line":79,"column":21}},"35":{"start":{"line":84,"column":4},"end":{"line":118,"column":5}},"36":{"start":{"line":85,"column":32},"end":{"line":85,"column":43}},"37":{"start":{"line":87,"column":6},"end":{"line":94,"column":7}},"38":{"start":{"line":88,"column":22},"end":{"line":88,"column":49}},"39":{"start":{"line":89,"column":24},"end":{"line":89,"column":55}},"40":{"start":{"line":91,"column":8},"end":{"line":93,"column":9}},"41":{"start":{"line":92,"column":10},"end":{"line":92,"column":null}},"42":{"start":{"line":96,"column":52},"end":{"line":96,"column":60}},"43":{"start":{"line":97,"column":6},"end":{"line":99,"column":9}},"44":{"start":{"line":101,"column":29},"end":{"line":102,"column":null}},"45":{"start":{"line":105,"column":6},"end":{"line":107,"column":30}},"46":{"start":{"line":109,"column":6},"end":{"line":113,"column":7}},"47":{"start":{"line":110,"column":23},"end":{"line":110,"column":76}},"48":{"start":{"line":110,"column":58},"end":{"line":110,"column":74}},"49":{"start":{"line":111,"column":8},"end":{"line":111,"column":60}},"50":{"start":{"line":112,"column":8},"end":{"line":112,"column":14}},"51":{"start":{"line":115,"column":6},"end":{"line":117,"column":21}},"52":{"start":{"line":122,"column":4},"end":{"line":137,"column":5}},"53":{"start":{"line":123,"column":21},"end":{"line":123,"column":31}},"54":{"start":{"line":124,"column":52},"end":{"line":124,"column":60}},"55":{"start":{"line":126,"column":33},"end":{"line":128,"column":null}},"56":{"start":{"line":130,"column":6},"end":{"line":132,"column":34}},"57":{"start":{"line":134,"column":6},"end":{"line":136,"column":21}},"58":{"start":{"line":141,"column":4},"end":{"line":151,"column":5}},"59":{"start":{"line":142,"column":21},"end":{"line":142,"column":31}},"60":{"start":{"line":143,"column":33},"end":{"line":143,"column":77}},"61":{"start":{"line":144,"column":6},"end":{"line":146,"column":34}},"62":{"start":{"line":148,"column":6},"end":{"line":150,"column":21}},"63":{"start":{"line":13,"column":0},"end":{"line":13,"column":13}}},"fnMap":{"0":{"name":"(anonymous_8)","decl":{"start":{"line":14,"column":2},"end":{"line":14,"column":31}},"loc":{"start":{"line":14,"column":70},"end":{"line":14,"column":74}}},"1":{"name":"(anonymous_9)","decl":{"start":{"line":16,"column":8},"end":{"line":16,"column":14}},"loc":{"start":{"line":16,"column":42},"end":{"line":29,"column":null}}},"2":{"name":"(anonymous_11)","decl":{"start":{"line":31,"column":8},"end":{"line":31,"column":18}},"loc":{"start":{"line":31,"column":46},"end":{"line":55,"column":null}}},"3":{"name":"(anonymous_13)","decl":{"start":{"line":46,"column":40},"end":{"line":46,"column":41}},"loc":{"start":{"line":46,"column":58},"end":{"line":46,"column":74}}},"4":{"name":"(anonymous_14)","decl":{"start":{"line":57,"column":8},"end":{"line":57,"column":15}},"loc":{"start":{"line":57,"column":43},"end":{"line":69,"column":null}}},"5":{"name":"(anonymous_16)","decl":{"start":{"line":71,"column":8},"end":{"line":71,"column":19}},"loc":{"start":{"line":71,"column":47},"end":{"line":81,"column":null}}},"6":{"name":"(anonymous_18)","decl":{"start":{"line":83,"column":8},"end":{"line":83,"column":14}},"loc":{"start":{"line":83,"column":42},"end":{"line":119,"column":null}}},"7":{"name":"(anonymous_20)","decl":{"start":{"line":110,"column":40},"end":{"line":110,"column":41}},"loc":{"start":{"line":110,"column":58},"end":{"line":110,"column":74}}},"8":{"name":"(anonymous_21)","decl":{"start":{"line":121,"column":8},"end":{"line":121,"column":14}},"loc":{"start":{"line":121,"column":42},"end":{"line":138,"column":null}}},"9":{"name":"(anonymous_23)","decl":{"start":{"line":140,"column":8},"end":{"line":140,"column":18}},"loc":{"start":{"line":140,"column":46},"end":{"line":152,"column":null}}}},"branchMap":{"0":{"loc":{"start":{"line":45,"column":6},"end":{"line":49,"column":7}},"type":"if","locations":[{"start":{"line":45,"column":6},"end":{"line":49,"column":7}}]},"1":{"loc":{"start":{"line":87,"column":6},"end":{"line":94,"column":7}},"type":"if","locations":[{"start":{"line":87,"column":6},"end":{"line":94,"column":7}}]},"2":{"loc":{"start":{"line":91,"column":8},"end":{"line":93,"column":9}},"type":"if","locations":[{"start":{"line":91,"column":8},"end":{"line":93,"column":9}}]},"3":{"loc":{"start":{"line":91,"column":11},"end":{"line":91,"column":67}},"type":"binary-expr","locations":[{"start":{"line":91,"column":11},"end":{"line":91,"column":18}},{"start":{"line":91,"column":22},"end":{"line":91,"column":34}},{"start":{"line":91,"column":38},"end":{"line":91,"column":67}}]},"4":{"loc":{"start":{"line":109,"column":6},"end":{"line":113,"column":7}},"type":"if","locations":[{"start":{"line":109,"column":6},"end":{"line":113,"column":7}}]}},"s":{"0":1,"1":1,"2":1,"3":1,"4":1,"5":1,"6":1,"7":4,"8":4,"9":4,"10":4,"11":3,"12":1,"13":3,"14":3,"15":3,"16":3,"17":3,"18":2,"19":1,"20":0,"21":0,"22":0,"23":0,"24":0,"25":3,"26":3,"27":3,"28":2,"29":1,"30":3,"31":3,"32":3,"33":2,"34":1,"35":4,"36":4,"37":0,"38":0,"39":0,"40":0,"41":0,"42":0,"43":0,"44":0,"45":0,"46":4,"47":0,"48":0,"49":0,"50":0,"51":4,"52":3,"53":3,"54":3,"55":3,"56":2,"57":1,"58":3,"59":3,"60":3,"61":2,"62":1,"63":1},"f":{"0":1,"1":4,"2":3,"3":0,"4":3,"5":3,"6":4,"7":0,"8":3,"9":3},"b":{"0":[0],"1":[0],"2":[0],"3":[0,0,0],"4":[0]}}
,"/home/admin/Área de Trabalho/BP TECH/EVO/teste/desafioBPTech/api/src/modules/appointment/services/AppointmentService.ts": {"path":"/home/admin/Área de Trabalho/BP TECH/EVO/teste/desafioBPTech/api/src/modules/appointment/services/AppointmentService.ts","statementMap":{"0":{"start":{"line":1,"column":0},"end":{"line":1,"column":43}},"1":{"start":{"line":2,"column":0},"end":{"line":2,"column":74}},"2":{"start":{"line":7,"column":0},"end":{"line":7,"column":67}},"3":{"start":{"line":14,"column":0},"end":{"line":14,"column":57}},"4":{"start":{"line":19,"column":21},"end":{"line":19,"column":66}},"5":{"start":{"line":20,"column":21},"end":{"line":20,"column":52}},"6":{"start":{"line":21,"column":21},"end":{"line":21,"column":52}},"7":{"start":{"line":25,"column":25},"end":{"line":25,"column":71}},"8":{"start":{"line":27,"column":4},"end":{"line":29,"column":5}},"9":{"start":{"line":28,"column":6},"end":{"line":28,"column":63}},"10":{"start":{"line":30,"column":4},"end":{"line":30,"column":24}},"11":{"start":{"line":37,"column":25},"end":{"line":39,"column":null}},"12":{"start":{"line":42,"column":4},"end":{"line":44,"column":5}},"13":{"start":{"line":43,"column":6},"end":{"line":43,"column":63}},"14":{"start":{"line":46,"column":4},"end":{"line":46,"column":24}},"15":{"start":{"line":50,"column":4},"end":{"line":52,"column":5}},"16":{"start":{"line":51,"column":6},"end":{"line":51,"column":54}},"17":{"start":{"line":54,"column":24},"end":{"line":54,"column":68}},"18":{"start":{"line":56,"column":4},"end":{"line":58,"column":5}},"19":{"start":{"line":57,"column":6},"end":{"line":57,"column":62}},"20":{"start":{"line":60,"column":4},"end":{"line":60,"column":23}},"21":{"start":{"line":64,"column":4},"end":{"line":66,"column":5}},"22":{"start":{"line":65,"column":6},"end":{"line":65,"column":58}},"23":{"start":{"line":68,"column":25},"end":{"line":68,"column":77}},"24":{"start":{"line":70,"column":4},"end":{"line":72,"column":5}},"25":{"start":{"line":71,"column":6},"end":{"line":71,"column":63}},"26":{"start":{"line":74,"column":4},"end":{"line":74,"column":24}},"27":{"start":{"line":78,"column":71},"end":{"line":78,"column":82}},"28":{"start":{"line":80,"column":18},"end":{"line":80,"column":44}},"29":{"start":{"line":81,"column":16},"end":{"line":81,"column":40}},"30":{"start":{"line":83,"column":4},"end":{"line":83,"column":47}},"31":{"start":{"line":85,"column":42},"end":{"line":85,"column":98}},"32":{"start":{"line":87,"column":4},"end":{"line":87,"column":63}},"33":{"start":{"line":89,"column":4},"end":{"line":89,"column":null}},"34":{"start":{"line":91,"column":27},"end":{"line":91,"column":79}},"35":{"start":{"line":93,"column":4},"end":{"line":95,"column":5}},"36":{"start":{"line":94,"column":6},"end":{"line":94,"column":66}},"37":{"start":{"line":97,"column":4},"end":{"line":97,"column":72}},"38":{"start":{"line":99,"column":4},"end":{"line":99,"column":26}},"39":{"start":{"line":103,"column":17},"end":{"line":103,"column":39}},"40":{"start":{"line":105,"column":4},"end":{"line":107,"column":5}},"41":{"start":{"line":106,"column":6},"end":{"line":106,"column":62}},"42":{"start":{"line":109,"column":31},"end":{"line":111,"column":null}},"43":{"start":{"line":114,"column":4},"end":{"line":116,"column":5}},"44":{"start":{"line":115,"column":6},"end":{"line":115,"column":66}},"45":{"start":{"line":118,"column":4},"end":{"line":118,"column":30}},"46":{"start":{"line":122,"column":17},"end":{"line":122,"column":39}},"47":{"start":{"line":123,"column":4},"end":{"line":125,"column":5}},"48":{"start":{"line":124,"column":6},"end":{"line":124,"column":55}},"49":{"start":{"line":127,"column":31},"end":{"line":127,"column":78}},"50":{"start":{"line":129,"column":4},"end":{"line":131,"column":5}},"51":{"start":{"line":130,"column":6},"end":{"line":130,"column":66}},"52":{"start":{"line":133,"column":4},"end":{"line":133,"column":30}},"53":{"start":{"line":137,"column":4},"end":{"line":139,"column":5}},"54":{"start":{"line":138,"column":6},"end":{"line":138,"column":null}},"55":{"start":{"line":141,"column":18},"end":{"line":141,"column":24}},"56":{"start":{"line":142,"column":4},"end":{"line":142,"column":null}},"57":{"start":{"line":143,"column":4},"end":{"line":143,"column":null}},"58":{"start":{"line":144,"column":31},"end":{"line":145,"column":null}},"59":{"start":{"line":148,"column":4},"end":{"line":150,"column":5}},"60":{"start":{"line":149,"column":6},"end":{"line":149,"column":13}},"61":{"start":{"line":152,"column":22},"end":{"line":153,"column":null}},"62":{"start":{"line":153,"column":6},"end":{"line":153,"column":78}},"63":{"start":{"line":156,"column":4},"end":{"line":158,"column":5}},"64":{"start":{"line":157,"column":6},"end":{"line":157,"column":62}},"65":{"start":{"line":162,"column":18},"end":{"line":162,"column":22}},"66":{"start":{"line":163,"column":25},"end":{"line":163,"column":85}},"67":{"start":{"line":165,"column":40},"end":{"line":165,"column":146}},"68":{"start":{"line":165,"column":73},"end":{"line":165,"column":145}},"69":{"start":{"line":167,"column":4},"end":{"line":169,"column":5}},"70":{"start":{"line":168,"column":6},"end":{"line":168,"column":null}},"71":{"start":{"line":173,"column":4},"end":{"line":175,"column":6}},"72":{"start":{"line":183,"column":6},"end":{"line":183,"column":59}},"73":{"start":{"line":184,"column":30},"end":{"line":184,"column":58}},"74":{"start":{"line":186,"column":4},"end":{"line":190,"column":5}},"75":{"start":{"line":187,"column":6},"end":{"line":189,"column":8}},"76":{"start":{"line":192,"column":4},"end":{"line":196,"column":5}},"77":{"start":{"line":193,"column":6},"end":{"line":195,"column":8}},"78":{"start":{"line":200,"column":21},"end":{"line":204,"column":6}},"79":{"start":{"line":206,"column":72},"end":{"line":206,"column":106}},"80":{"start":{"line":208,"column":4},"end":{"line":210,"column":5}},"81":{"start":{"line":209,"column":6},"end":{"line":209,"column":55}},"82":{"start":{"line":212,"column":4},"end":{"line":214,"column":5}},"83":{"start":{"line":213,"column":6},"end":{"line":213,"column":57}},"84":{"start":{"line":216,"column":4},"end":{"line":218,"column":5}},"85":{"start":{"line":217,"column":6},"end":{"line":217,"column":57}},"86":{"start":{"line":220,"column":28},"end":{"line":220,"column":55}},"87":{"start":{"line":221,"column":23},"end":{"line":221,"column":45}},"88":{"start":{"line":223,"column":4},"end":{"line":223,"column":75}},"89":{"start":{"line":17,"column":0},"end":{"line":17,"column":13}}},"fnMap":{"0":{"name":"(anonymous_7)","decl":{"start":{"line":18,"column":2},"end":{"line":18,"column":null}},"loc":{"start":{"line":21,"column":52},"end":{"line":22,"column":6}}},"1":{"name":"(anonymous_8)","decl":{"start":{"line":24,"column":8},"end":{"line":24,"column":14}},"loc":{"start":{"line":24,"column":41},"end":{"line":31,"column":null}}},"2":{"name":"(anonymous_10)","decl":{"start":{"line":33,"column":8},"end":{"line":33,"column":18}},"loc":{"start":{"line":35,"column":24},"end":{"line":47,"column":null}}},"3":{"name":"(anonymous_12)","decl":{"start":{"line":49,"column":8},"end":{"line":49,"column":15}},"loc":{"start":{"line":49,"column":26},"end":{"line":61,"column":null}}},"4":{"name":"(anonymous_14)","decl":{"start":{"line":63,"column":8},"end":{"line":63,"column":19}},"loc":{"start":{"line":63,"column":34},"end":{"line":75,"column":null}}},"5":{"name":"(anonymous_16)","decl":{"start":{"line":77,"column":8},"end":{"line":77,"column":14}},"loc":{"start":{"line":77,"column":48},"end":{"line":100,"column":null}}},"6":{"name":"(anonymous_18)","decl":{"start":{"line":102,"column":8},"end":{"line":102,"column":14}},"loc":{"start":{"line":102,"column":64},"end":{"line":119,"column":null}}},"7":{"name":"(anonymous_20)","decl":{"start":{"line":121,"column":8},"end":{"line":121,"column":18}},"loc":{"start":{"line":121,"column":29},"end":{"line":134,"column":null}}},"8":{"name":"(anonymous_22)","decl":{"start":{"line":136,"column":16},"end":{"line":136,"column":39}},"loc":{"start":{"line":136,"column":110},"end":{"line":159,"column":null}}},"9":{"name":"(anonymous_24)","decl":{"start":{"line":152,"column":46},"end":{"line":152,"column":47}},"loc":{"start":{"line":153,"column":6},"end":{"line":153,"column":78}}},"10":{"name":"(anonymous_25)","decl":{"start":{"line":161,"column":16},"end":{"line":161,"column":37}},"loc":{"start":{"line":161,"column":106},"end":{"line":170,"column":null}}},"11":{"name":"(anonymous_27)","decl":{"start":{"line":165,"column":58},"end":{"line":165,"column":69}},"loc":{"start":{"line":165,"column":73},"end":{"line":165,"column":145}}},"12":{"name":"(anonymous_28)","decl":{"start":{"line":172,"column":10},"end":{"line":172,"column":30}},"loc":{"start":{"line":172,"column":83},"end":{"line":176,"column":3}}},"13":{"name":"(anonymous_29)","decl":{"start":{"line":178,"column":10},"end":{"line":178,"column":35}},"loc":{"start":{"line":180,"column":24},"end":{"line":197,"column":3}}},"14":{"name":"(anonymous_30)","decl":{"start":{"line":199,"column":16},"end":{"line":199,"column":39}},"loc":{"start":{"line":199,"column":90},"end":{"line":224,"column":null}}}},"branchMap":{"0":{"loc":{"start":{"line":27,"column":4},"end":{"line":29,"column":5}},"type":"if","locations":[{"start":{"line":27,"column":4},"end":{"line":29,"column":5}}]},"1":{"loc":{"start":{"line":27,"column":8},"end":{"line":27,"column":50}},"type":"binary-expr","locations":[{"start":{"line":27,"column":8},"end":{"line":27,"column":21}},{"start":{"line":27,"column":25},"end":{"line":27,"column":50}}]},"2":{"loc":{"start":{"line":42,"column":4},"end":{"line":44,"column":5}},"type":"if","locations":[{"start":{"line":42,"column":4},"end":{"line":44,"column":5}}]},"3":{"loc":{"start":{"line":42,"column":8},"end":{"line":42,"column":50}},"type":"binary-expr","locations":[{"start":{"line":42,"column":8},"end":{"line":42,"column":21}},{"start":{"line":42,"column":25},"end":{"line":42,"column":50}}]},"4":{"loc":{"start":{"line":50,"column":4},"end":{"line":52,"column":5}},"type":"if","locations":[{"start":{"line":50,"column":4},"end":{"line":52,"column":5}}]},"5":{"loc":{"start":{"line":56,"column":4},"end":{"line":58,"column":5}},"type":"if","locations":[{"start":{"line":56,"column":4},"end":{"line":58,"column":5}}]},"6":{"loc":{"start":{"line":64,"column":4},"end":{"line":66,"column":5}},"type":"if","locations":[{"start":{"line":64,"column":4},"end":{"line":66,"column":5}}]},"7":{"loc":{"start":{"line":70,"column":4},"end":{"line":72,"column":5}},"type":"if","locations":[{"start":{"line":70,"column":4},"end":{"line":72,"column":5}}]},"8":{"loc":{"start":{"line":70,"column":8},"end":{"line":70,"column":50}},"type":"binary-expr","locations":[{"start":{"line":70,"column":8},"end":{"line":70,"column":21}},{"start":{"line":70,"column":25},"end":{"line":70,"column":50}}]},"9":{"loc":{"start":{"line":93,"column":4},"end":{"line":95,"column":5}},"type":"if","locations":[{"start":{"line":93,"column":4},"end":{"line":95,"column":5}}]},"10":{"loc":{"start":{"line":105,"column":4},"end":{"line":107,"column":5}},"type":"if","locations":[{"start":{"line":105,"column":4},"end":{"line":107,"column":5}}]},"11":{"loc":{"start":{"line":114,"column":4},"end":{"line":116,"column":5}},"type":"if","locations":[{"start":{"line":114,"column":4},"end":{"line":116,"column":5}}]},"12":{"loc":{"start":{"line":123,"column":4},"end":{"line":125,"column":5}},"type":"if","locations":[{"start":{"line":123,"column":4},"end":{"line":125,"column":5}}]},"13":{"loc":{"start":{"line":129,"column":4},"end":{"line":131,"column":5}},"type":"if","locations":[{"start":{"line":129,"column":4},"end":{"line":131,"column":5}}]},"14":{"loc":{"start":{"line":137,"column":4},"end":{"line":139,"column":5}},"type":"if","locations":[{"start":{"line":137,"column":4},"end":{"line":139,"column":5}}]},"15":{"loc":{"start":{"line":148,"column":4},"end":{"line":150,"column":5}},"type":"if","locations":[{"start":{"line":148,"column":4},"end":{"line":150,"column":5}}]},"16":{"loc":{"start":{"line":156,"column":4},"end":{"line":158,"column":5}},"type":"if","locations":[{"start":{"line":156,"column":4},"end":{"line":158,"column":5}}]},"17":{"loc":{"start":{"line":167,"column":4},"end":{"line":169,"column":5}},"type":"if","locations":[{"start":{"line":167,"column":4},"end":{"line":169,"column":5}}]},"18":{"loc":{"start":{"line":174,"column":6},"end":{"line":174,"column":79}},"type":"binary-expr","locations":[{"start":{"line":174,"column":6},"end":{"line":174,"column":41}},{"start":{"line":174,"column":45},"end":{"line":174,"column":79}}]},"19":{"loc":{"start":{"line":186,"column":4},"end":{"line":190,"column":5}},"type":"if","locations":[{"start":{"line":186,"column":4},"end":{"line":190,"column":5}}]},"20":{"loc":{"start":{"line":192,"column":4},"end":{"line":196,"column":5}},"type":"if","locations":[{"start":{"line":192,"column":4},"end":{"line":196,"column":5}}]},"21":{"loc":{"start":{"line":208,"column":4},"end":{"line":210,"column":5}},"type":"if","locations":[{"start":{"line":208,"column":4},"end":{"line":210,"column":5}}]},"22":{"loc":{"start":{"line":208,"column":8},"end":{"line":208,"column":83}},"type":"binary-expr","locations":[{"start":{"line":208,"column":8},"end":{"line":208,"column":51}},{"start":{"line":208,"column":55},"end":{"line":208,"column":83}}]},"23":{"loc":{"start":{"line":212,"column":4},"end":{"line":214,"column":5}},"type":"if","locations":[{"start":{"line":212,"column":4},"end":{"line":214,"column":5}}]},"24":{"loc":{"start":{"line":212,"column":8},"end":{"line":212,"column":73}},"type":"binary-expr","locations":[{"start":{"line":212,"column":8},"end":{"line":212,"column":46}},{"start":{"line":212,"column":50},"end":{"line":212,"column":73}}]},"25":{"loc":{"start":{"line":216,"column":4},"end":{"line":218,"column":5}},"type":"if","locations":[{"start":{"line":216,"column":4},"end":{"line":218,"column":5}}]},"26":{"loc":{"start":{"line":216,"column":8},"end":{"line":216,"column":73}},"type":"binary-expr","locations":[{"start":{"line":216,"column":8},"end":{"line":216,"column":46}},{"start":{"line":216,"column":50},"end":{"line":216,"column":73}}]}},"s":{"0":1,"1":1,"2":1,"3":1,"4":1,"5":1,"6":1,"7":2,"8":2,"9":1,"10":1,"11":2,"12":2,"13":1,"14":1,"15":6,"16":0,"17":6,"18":6,"19":1,"20":5,"21":2,"22":0,"23":2,"24":2,"25":1,"26":1,"27":7,"28":7,"29":7,"30":7,"31":5,"32":2,"33":2,"34":2,"35":2,"36":1,"37":1,"38":1,"39":2,"40":2,"41":0,"42":2,"43":2,"44":1,"45":1,"46":2,"47":2,"48":0,"49":2,"50":2,"51":1,"52":1,"53":2,"54":0,"55":2,"56":2,"57":2,"58":2,"59":2,"60":0,"61":2,"62":10,"63":2,"64":0,"65":2,"66":2,"67":2,"68":10,"69":2,"70":0,"71":20,"72":7,"73":7,"74":7,"75":1,"76":6,"77":1,"78":5,"79":5,"80":5,"81":1,"82":4,"83":2,"84":2,"85":0,"86":2,"87":2,"88":2,"89":1},"f":{"0":1,"1":2,"2":2,"3":6,"4":2,"5":7,"6":2,"7":2,"8":2,"9":10,"10":2,"11":10,"12":20,"13":7,"14":5},"b":{"0":[1],"1":[2,2],"2":[1],"3":[2,2],"4":[0],"5":[1],"6":[0],"7":[1],"8":[2,2],"9":[1],"10":[0],"11":[1],"12":[0],"13":[1],"14":[0],"15":[0],"16":[0],"17":[0],"18":[20,0],"19":[1],"20":[1],"21":[1],"22":[5,5],"23":[2],"24":[4,4],"25":[0],"26":[2,2]}}
,"/home/admin/Área de Trabalho/BP TECH/EVO/teste/desafioBPTech/api/src/modules/appointment/utils/appointmentDuration.ts": {"path":"/home/admin/Área de Trabalho/BP TECH/EVO/teste/desafioBPTech/api/src/modules/appointment/utils/appointmentDuration.ts","statementMap":{"0":{"start":{"line":1,"column":0},"end":{"line":1,"column":null}},"1":{"start":{"line":2,"column":4},"end":{"line":2,"column":null}},"2":{"start":{"line":3,"column":4},"end":{"line":3,"column":null}}},"fnMap":{"0":{"name":"(anonymous_0)","decl":{"start":{"line":1,"column":0},"end":{"line":1,"column":12}},"loc":{"start":{"line":1,"column":31},"end":{"line":4,"column":1}}}},"branchMap":{"0":{"loc":{"start":{"line":1,"column":12},"end":{"line":1,"column":null}},"type":"binary-expr","locations":[{"start":{"line":1,"column":12},"end":{"line":1,"column":31}},{"start":{"line":1,"column":31},"end":{"line":1,"column":null}}]}},"s":{"0":2,"1":2,"2":2},"f":{"0":2},"b":{"0":[2,2]}}
,"/home/admin/Área de Trabalho/BP TECH/EVO/teste/desafioBPTech/api/src/modules/appointment/utils/validators/appointmentDatesValidator.ts": {"path":"/home/admin/Área de Trabalho/BP TECH/EVO/teste/desafioBPTech/api/src/modules/appointment/utils/validators/appointmentDatesValidator.ts","statementMap":{"0":{"start":{"line":1,"column":0},"end":{"line":1,"column":26}},"1":{"start":{"line":3,"column":13},"end":{"line":6,"column":3}}},"fnMap":{},"branchMap":{},"s":{"0":1,"1":1},"f":{},"b":{}}
,"/home/admin/Área de Trabalho/BP TECH/EVO/teste/desafioBPTech/api/src/modules/appointment/utils/validators/appointmentSchemaValidator.ts": {"path":"/home/admin/Área de Trabalho/BP TECH/EVO/teste/desafioBPTech/api/src/modules/appointment/utils/validators/appointmentSchemaValidator.ts","statementMap":{"0":{"start":{"line":1,"column":0},"end":{"line":1,"column":27}},"1":{"start":{"line":2,"column":0},"end":{"line":2,"column":61}},"2":{"start":{"line":4,"column":13},"end":{"line":23,"column":3}},"3":{"start":{"line":14,"column":37},"end":{"line":14,"column":48}},"4":{"start":{"line":15,"column":34},"end":{"line":15,"column":96}},"5":{"start":{"line":17,"column":8},"end":{"line":17,"column":124}}},"fnMap":{"0":{"name":"(anonymous_6)","decl":{"start":{"line":13,"column":6},"end":{"line":13,"column":16}},"loc":{"start":{"line":13,"column":27},"end":{"line":18,"column":7}}}},"branchMap":{"0":{"loc":{"start":{"line":17,"column":15},"end":{"line":17,"column":123}},"type":"binary-expr","locations":[{"start":{"line":17,"column":15},"end":{"line":17,"column":67}},{"start":{"line":17,"column":71},"end":{"line":17,"column":123}}]}},"s":{"0":1,"1":1,"2":1,"3":0,"4":0,"5":0},"f":{"0":0},"b":{"0":[0,0]}}
,"/home/admin/Área de Trabalho/BP TECH/EVO/teste/desafioBPTech/api/src/modules/room/controllers/RoomController.ts": {"path":"/home/admin/Área de Trabalho/BP TECH/EVO/teste/desafioBPTech/api/src/modules/room/controllers/RoomController.ts","statementMap":{"0":{"start":{"line":1,"column":0},"end":{"line":1,"column":67}},"1":{"start":{"line":5,"column":0},"end":{"line":5,"column":67}},"2":{"start":{"line":7,"column":0},"end":{"line":7,"column":99}},"3":{"start":{"line":12,"column":31},"end":{"line":12,"column":56}},"4":{"start":{"line":15,"column":4},"end":{"line":22,"column":5}},"5":{"start":{"line":16,"column":36},"end":{"line":16,"column":45}},"6":{"start":{"line":17,"column":20},"end":{"line":17,"column":62}},"7":{"start":{"line":18,"column":20},"end":{"line":18,"column":72}},"8":{"start":{"line":19,"column":6},"end":{"line":19,"column":null}},"9":{"start":{"line":21,"column":6},"end":{"line":21,"column":null}},"10":{"start":{"line":26,"column":4},"end":{"line":32,"column":5}},"11":{"start":{"line":27,"column":21},"end":{"line":27,"column":31}},"12":{"start":{"line":28,"column":19},"end":{"line":28,"column":53}},"13":{"start":{"line":29,"column":6},"end":{"line":29,"column":null}},"14":{"start":{"line":31,"column":6},"end":{"line":31,"column":null}},"15":{"start":{"line":36,"column":4},"end":{"line":49,"column":5}},"16":{"start":{"line":37,"column":38},"end":{"line":37,"column":46}},"17":{"start":{"line":38,"column":6},"end":{"line":38,"column":null}},"18":{"start":{"line":39,"column":22},"end":{"line":39,"column":61}},"19":{"start":{"line":40,"column":6},"end":{"line":40,"column":null}},"20":{"start":{"line":42,"column":6},"end":{"line":46,"column":7}},"21":{"start":{"line":43,"column":23},"end":{"line":43,"column":76}},"22":{"start":{"line":43,"column":58},"end":{"line":43,"column":74}},"23":{"start":{"line":44,"column":8},"end":{"line":44,"column":60}},"24":{"start":{"line":45,"column":8},"end":{"line":45,"column":14}},"25":{"start":{"line":48,"column":6},"end":{"line":48,"column":null}},"26":{"start":{"line":53,"column":4},"end":{"line":61,"column":5}},"27":{"start":{"line":54,"column":21},"end":{"line":54,"column":31}},"28":{"start":{"line":55,"column":38},"end":{"line":55,"column":46}},"29":{"start":{"line":57,"column":26},"end":{"line":57,"column":69}},"30":{"start":{"line":58,"column":6},"end":{"line":58,"column":50}},"31":{"start":{"line":60,"column":6},"end":{"line":60,"column":null}},"32":{"start":{"line":65,"column":4},"end":{"line":73,"column":5}},"33":{"start":{"line":66,"column":21},"end":{"line":66,"column":31}},"34":{"start":{"line":67,"column":26},"end":{"line":67,"column":63}},"35":{"start":{"line":68,"column":6},"end":{"line":70,"column":27}},"36":{"start":{"line":72,"column":6},"end":{"line":72,"column":null}},"37":{"start":{"line":11,"column":0},"end":{"line":11,"column":13}}},"fnMap":{"0":{"name":"(anonymous_7)","decl":{"start":{"line":12,"column":2},"end":{"line":12,"column":31}},"loc":{"start":{"line":12,"column":56},"end":{"line":12,"column":59}}},"1":{"name":"(anonymous_8)","decl":{"start":{"line":14,"column":8},"end":{"line":14,"column":14}},"loc":{"start":{"line":14,"column":42},"end":{"line":23,"column":null}}},"2":{"name":"(anonymous_10)","decl":{"start":{"line":25,"column":8},"end":{"line":25,"column":15}},"loc":{"start":{"line":25,"column":43},"end":{"line":33,"column":null}}},"3":{"name":"(anonymous_12)","decl":{"start":{"line":35,"column":8},"end":{"line":35,"column":14}},"loc":{"start":{"line":35,"column":42},"end":{"line":50,"column":null}}},"4":{"name":"(anonymous_14)","decl":{"start":{"line":43,"column":40},"end":{"line":43,"column":41}},"loc":{"start":{"line":43,"column":58},"end":{"line":43,"column":74}}},"5":{"name":"(anonymous_15)","decl":{"start":{"line":52,"column":8},"end":{"line":52,"column":14}},"loc":{"start":{"line":52,"column":42},"end":{"line":62,"column":null}}},"6":{"name":"(anonymous_17)","decl":{"start":{"line":64,"column":8},"end":{"line":64,"column":18}},"loc":{"start":{"line":64,"column":46},"end":{"line":74,"column":null}}}},"branchMap":{"0":{"loc":{"start":{"line":42,"column":6},"end":{"line":46,"column":7}},"type":"if","locations":[{"start":{"line":42,"column":6},"end":{"line":46,"column":7}}]}},"s":{"0":1,"1":1,"2":1,"3":1,"4":3,"5":3,"6":3,"7":3,"8":2,"9":1,"10":3,"11":3,"12":3,"13":2,"14":1,"15":4,"16":4,"17":4,"18":4,"19":2,"20":2,"21":1,"22":1,"23":1,"24":1,"25":1,"26":3,"27":3,"28":3,"29":3,"30":2,"31":1,"32":3,"33":3,"34":3,"35":2,"36":1,"37":1},"f":{"0":1,"1":3,"2":3,"3":4,"4":1,"5":3,"6":3},"b":{"0":[1]}}
,"/home/admin/Área de Trabalho/BP TECH/EVO/teste/desafioBPTech/api/src/modules/room/repositories/RoomRepository.ts": {"path":"/home/admin/Área de Trabalho/BP TECH/EVO/teste/desafioBPTech/api/src/modules/room/repositories/RoomRepository.ts","statementMap":{"0":{"start":{"line":1,"column":0},"end":{"line":1,"column":74}},"1":{"start":{"line":3,"column":0},"end":{"line":3,"column":50}},"2":{"start":{"line":10,"column":31},"end":{"line":10,"column":57}},"3":{"start":{"line":13,"column":38},"end":{"line":13,"column":43}},"4":{"start":{"line":13,"column":34},"end":{"line":13,"column":38}},"5":{"start":{"line":15,"column":4},"end":{"line":18,"column":5}},"6":{"start":{"line":16,"column":20},"end":{"line":16,"column":133}},"7":{"start":{"line":17,"column":6},"end":{"line":17,"column":19}},"8":{"start":{"line":20,"column":18},"end":{"line":20,"column":68}},"9":{"start":{"line":21,"column":4},"end":{"line":21,"column":17}},"10":{"start":{"line":25,"column":4},"end":{"line":27,"column":5}},"11":{"start":{"line":26,"column":6},"end":{"line":26,"column":54}},"12":{"start":{"line":29,"column":17},"end":{"line":29,"column":75}},"13":{"start":{"line":30,"column":4},"end":{"line":30,"column":36}},"14":{"start":{"line":34,"column":20},"end":{"line":34,"column":53}},"15":{"start":{"line":35,"column":4},"end":{"line":35,"column":19}},"16":{"start":{"line":39,"column":4},"end":{"line":41,"column":5}},"17":{"start":{"line":40,"column":6},"end":{"line":40,"column":54}},"18":{"start":{"line":43,"column":17},"end":{"line":43,"column":39}},"19":{"start":{"line":44,"column":4},"end":{"line":46,"column":5}},"20":{"start":{"line":45,"column":6},"end":{"line":45,"column":null}},"21":{"start":{"line":48,"column":24},"end":{"line":48,"column":91}},"22":{"start":{"line":50,"column":4},"end":{"line":50,"column":35}},"23":{"start":{"line":54,"column":4},"end":{"line":56,"column":5}},"24":{"start":{"line":55,"column":6},"end":{"line":55,"column":54}},"25":{"start":{"line":58,"column":24},"end":{"line":58,"column":108}},"26":{"start":{"line":60,"column":4},"end":{"line":60,"column":43}},"27":{"start":{"line":9,"column":0},"end":{"line":9,"column":13}}},"fnMap":{"0":{"name":"(anonymous_8)","decl":{"start":{"line":10,"column":2},"end":{"line":10,"column":31}},"loc":{"start":{"line":10,"column":57},"end":{"line":10,"column":61}}},"1":{"name":"(anonymous_9)","decl":{"start":{"line":12,"column":8},"end":{"line":12,"column":14}},"loc":{"start":{"line":12,"column":34},"end":{"line":22,"column":null}}},"2":{"name":"(anonymous_11)","decl":{"start":{"line":24,"column":8},"end":{"line":24,"column":15}},"loc":{"start":{"line":24,"column":26},"end":{"line":31,"column":null}}},"3":{"name":"(anonymous_13)","decl":{"start":{"line":33,"column":8},"end":{"line":33,"column":14}},"loc":{"start":{"line":33,"column":34},"end":{"line":36,"column":null}}},"4":{"name":"(anonymous_15)","decl":{"start":{"line":38,"column":8},"end":{"line":38,"column":14}},"loc":{"start":{"line":38,"column":50},"end":{"line":51,"column":null}}},"5":{"name":"(anonymous_17)","decl":{"start":{"line":53,"column":8},"end":{"line":53,"column":18}},"loc":{"start":{"line":53,"column":29},"end":{"line":61,"column":null}}}},"branchMap":{"0":{"loc":{"start":{"line":15,"column":4},"end":{"line":18,"column":5}},"type":"if","locations":[{"start":{"line":15,"column":4},"end":{"line":18,"column":5}}]},"1":{"loc":{"start":{"line":15,"column":7},"end":{"line":15,"column":20}},"type":"binary-expr","locations":[{"start":{"line":15,"column":7},"end":{"line":15,"column":11}},{"start":{"line":15,"column":15},"end":{"line":15,"column":20}}]},"2":{"loc":{"start":{"line":25,"column":4},"end":{"line":27,"column":5}},"type":"if","locations":[{"start":{"line":25,"column":4},"end":{"line":27,"column":5}}]},"3":{"loc":{"start":{"line":39,"column":4},"end":{"line":41,"column":5}},"type":"if","locations":[{"start":{"line":39,"column":4},"end":{"line":41,"column":5}}]},"4":{"loc":{"start":{"line":44,"column":4},"end":{"line":46,"column":5}},"type":"if","locations":[{"start":{"line":44,"column":4},"end":{"line":46,"column":5}}]},"5":{"loc":{"start":{"line":54,"column":4},"end":{"line":56,"column":5}},"type":"if","locations":[{"start":{"line":54,"column":4},"end":{"line":56,"column":5}}]}},"s":{"0":1,"1":1,"2":1,"3":2,"4":2,"5":2,"6":0,"7":0,"8":2,"9":2,"10":3,"11":0,"12":3,"13":3,"14":2,"15":2,"16":3,"17":1,"18":2,"19":2,"20":0,"21":2,"22":2,"23":3,"24":1,"25":2,"26":2,"27":1},"f":{"0":1,"1":2,"2":3,"3":2,"4":3,"5":3},"b":{"0":[0],"1":[2,0],"2":[0],"3":[1],"4":[0],"5":[1]}}
,"/home/admin/Área de Trabalho/BP TECH/EVO/teste/desafioBPTech/api/src/modules/room/services/RoomService.ts": {"path":"/home/admin/Área de Trabalho/BP TECH/EVO/teste/desafioBPTech/api/src/modules/room/services/RoomService.ts","statementMap":{"0":{"start":{"line":2,"column":0},"end":{"line":2,"column":74}},"1":{"start":{"line":7,"column":0},"end":{"line":7,"column":49}},"2":{"start":{"line":12,"column":31},"end":{"line":12,"column":62}},"3":{"start":{"line":15,"column":18},"end":{"line":15,"column":57}},"4":{"start":{"line":17,"column":4},"end":{"line":19,"column":5}},"5":{"start":{"line":18,"column":6},"end":{"line":18,"column":null}},"6":{"start":{"line":21,"column":4},"end":{"line":21,"column":null}},"7":{"start":{"line":25,"column":17},"end":{"line":25,"column":54}},"8":{"start":{"line":27,"column":4},"end":{"line":29,"column":5}},"9":{"start":{"line":28,"column":6},"end":{"line":28,"column":null}},"10":{"start":{"line":31,"column":4},"end":{"line":31,"column":null}},"11":{"start":{"line":35,"column":21},"end":{"line":35,"column":57}},"12":{"start":{"line":36,"column":4},"end":{"line":38,"column":5}},"13":{"start":{"line":37,"column":6},"end":{"line":37,"column":null}},"14":{"start":{"line":40,"column":20},"end":{"line":40,"column":58}},"15":{"start":{"line":42,"column":4},"end":{"line":44,"column":5}},"16":{"start":{"line":43,"column":6},"end":{"line":43,"column":null}},"17":{"start":{"line":46,"column":4},"end":{"line":46,"column":null}},"18":{"start":{"line":50,"column":17},"end":{"line":50,"column":54}},"19":{"start":{"line":52,"column":4},"end":{"line":54,"column":5}},"20":{"start":{"line":53,"column":6},"end":{"line":53,"column":null}},"21":{"start":{"line":56,"column":24},"end":{"line":56,"column":70}},"22":{"start":{"line":58,"column":4},"end":{"line":60,"column":5}},"23":{"start":{"line":59,"column":6},"end":{"line":59,"column":null}},"24":{"start":{"line":62,"column":4},"end":{"line":62,"column":null}},"25":{"start":{"line":66,"column":17},"end":{"line":66,"column":54}},"26":{"start":{"line":68,"column":4},"end":{"line":70,"column":5}},"27":{"start":{"line":69,"column":6},"end":{"line":69,"column":null}},"28":{"start":{"line":72,"column":24},"end":{"line":72,"column":64}},"29":{"start":{"line":74,"column":4},"end":{"line":76,"column":5}},"30":{"start":{"line":75,"column":6},"end":{"line":75,"column":null}},"31":{"start":{"line":78,"column":4},"end":{"line":78,"column":null}},"32":{"start":{"line":11,"column":0},"end":{"line":11,"column":13}}},"fnMap":{"0":{"name":"(anonymous_7)","decl":{"start":{"line":12,"column":2},"end":{"line":12,"column":31}},"loc":{"start":{"line":12,"column":62},"end":{"line":12,"column":65}}},"1":{"name":"(anonymous_8)","decl":{"start":{"line":14,"column":8},"end":{"line":14,"column":14}},"loc":{"start":{"line":14,"column":34},"end":{"line":22,"column":null}}},"2":{"name":"(anonymous_10)","decl":{"start":{"line":24,"column":8},"end":{"line":24,"column":15}},"loc":{"start":{"line":24,"column":26},"end":{"line":32,"column":null}}},"3":{"name":"(anonymous_12)","decl":{"start":{"line":34,"column":8},"end":{"line":34,"column":14}},"loc":{"start":{"line":34,"column":34},"end":{"line":47,"column":null}}},"4":{"name":"(anonymous_14)","decl":{"start":{"line":49,"column":8},"end":{"line":49,"column":14}},"loc":{"start":{"line":49,"column":50},"end":{"line":63,"column":null}}},"5":{"name":"(anonymous_16)","decl":{"start":{"line":65,"column":8},"end":{"line":65,"column":18}},"loc":{"start":{"line":65,"column":29},"end":{"line":79,"column":null}}}},"branchMap":{"0":{"loc":{"start":{"line":17,"column":4},"end":{"line":19,"column":5}},"type":"if","locations":[{"start":{"line":17,"column":4},"end":{"line":19,"column":5}}]},"1":{"loc":{"start":{"line":17,"column":7},"end":{"line":17,"column":35}},"type":"binary-expr","locations":[{"start":{"line":17,"column":7},"end":{"line":17,"column":13}},{"start":{"line":17,"column":17},"end":{"line":17,"column":35}}]},"2":{"loc":{"start":{"line":27,"column":4},"end":{"line":29,"column":5}},"type":"if","locations":[{"start":{"line":27,"column":4},"end":{"line":29,"column":5}}]},"3":{"loc":{"start":{"line":36,"column":4},"end":{"line":38,"column":5}},"type":"if","locations":[{"start":{"line":36,"column":4},"end":{"line":38,"column":5}}]},"4":{"loc":{"start":{"line":36,"column":7},"end":{"line":36,"column":58}},"type":"binary-expr","locations":[{"start":{"line":36,"column":7},"end":{"line":36,"column":15}},{"start":{"line":36,"column":19},"end":{"line":36,"column":58}}]},"5":{"loc":{"start":{"line":42,"column":4},"end":{"line":44,"column":5}},"type":"if","locations":[{"start":{"line":42,"column":4},"end":{"line":44,"column":5}}]},"6":{"loc":{"start":{"line":52,"column":4},"end":{"line":54,"column":5}},"type":"if","locations":[{"start":{"line":52,"column":4},"end":{"line":54,"column":5}}]},"7":{"loc":{"start":{"line":58,"column":4},"end":{"line":60,"column":5}},"type":"if","locations":[{"start":{"line":58,"column":4},"end":{"line":60,"column":5}}]},"8":{"loc":{"start":{"line":68,"column":4},"end":{"line":70,"column":5}},"type":"if","locations":[{"start":{"line":68,"column":4},"end":{"line":70,"column":5}}]},"9":{"loc":{"start":{"line":74,"column":4},"end":{"line":76,"column":5}},"type":"if","locations":[{"start":{"line":74,"column":4},"end":{"line":76,"column":5}}]}},"s":{"0":1,"1":1,"2":1,"3":2,"4":2,"5":1,"6":1,"7":2,"8":2,"9":1,"10":1,"11":2,"12":2,"13":1,"14":1,"15":1,"16":0,"17":1,"18":2,"19":2,"20":0,"21":2,"22":2,"23":1,"24":1,"25":2,"26":2,"27":0,"28":2,"29":2,"30":1,"31":1,"32":1},"f":{"0":1,"1":2,"2":2,"3":2,"4":2,"5":2},"b":{"0":[1],"1":[2,1],"2":[1],"3":[1],"4":[2,2],"5":[0],"6":[0],"7":[1],"8":[0],"9":[1]}}
,"/home/admin/Área de Trabalho/BP TECH/EVO/teste/desafioBPTech/api/src/modules/room/utils/roomConfig.ts": {"path":"/home/admin/Área de Trabalho/BP TECH/EVO/teste/desafioBPTech/api/src/modules/room/utils/roomConfig.ts","statementMap":{"0":{"start":{"line":1,"column":13},"end":{"line":3,"column":null}}},"fnMap":{},"branchMap":{},"s":{"0":3},"f":{},"b":{}}
,"/home/admin/Área de Trabalho/BP TECH/EVO/teste/desafioBPTech/api/src/modules/room/utils/roomSchemaValidator.ts": {"path":"/home/admin/Área de Trabalho/BP TECH/EVO/teste/desafioBPTech/api/src/modules/room/utils/roomSchemaValidator.ts","statementMap":{"0":{"start":{"line":1,"column":0},"end":{"line":1,"column":27}},"1":{"start":{"line":3,"column":13},"end":{"line":6,"column":3}}},"fnMap":{},"branchMap":{},"s":{"0":1,"1":1},"f":{},"b":{}}
,"/home/admin/Área de Trabalho/BP TECH/EVO/teste/desafioBPTech/api/src/modules/user/controllers/UserController.ts": {"path":"/home/admin/Área de Trabalho/BP TECH/EVO/teste/desafioBPTech/api/src/modules/user/controllers/UserController.ts","statementMap":{"0":{"start":{"line":4,"column":0},"end":{"line":4,"column":67}},"1":{"start":{"line":5,"column":0},"end":{"line":5,"column":67}},"2":{"start":{"line":9,"column":0},"end":{"line":9,"column":98}},"3":{"start":{"line":12,"column":31},"end":{"line":12,"column":56}},"4":{"start":{"line":15,"column":4},"end":{"line":26,"column":5}},"5":{"start":{"line":16,"column":68},"end":{"line":16,"column":77}},"6":{"start":{"line":17,"column":20},"end":{"line":17,"column":94}},"7":{"start":{"line":18,"column":20},"end":{"line":18,"column":72}},"8":{"start":{"line":19,"column":6},"end":{"line":21,"column":21}},"9":{"start":{"line":23,"column":6},"end":{"line":25,"column":21}},"10":{"start":{"line":30,"column":4},"end":{"line":41,"column":5}},"11":{"start":{"line":31,"column":24},"end":{"line":31,"column":33}},"12":{"start":{"line":33,"column":19},"end":{"line":33,"column":69}},"13":{"start":{"line":34,"column":6},"end":{"line":36,"column":20}},"14":{"start":{"line":38,"column":6},"end":{"line":40,"column":21}},"15":{"start":{"line":45,"column":4},"end":{"line":55,"column":5}},"16":{"start":{"line":46,"column":21},"end":{"line":46,"column":31}},"17":{"start":{"line":47,"column":19},"end":{"line":47,"column":53}},"18":{"start":{"line":48,"column":6},"end":{"line":50,"column":20}},"19":{"start":{"line":52,"column":6},"end":{"line":54,"column":21}},"20":{"start":{"line":59,"column":4},"end":{"line":76,"column":5}},"21":{"start":{"line":60,"column":38},"end":{"line":60,"column":46}},"22":{"start":{"line":61,"column":6},"end":{"line":61,"column":74}},"23":{"start":{"line":62,"column":22},"end":{"line":62,"column":61}},"24":{"start":{"line":63,"column":6},"end":{"line":65,"column":23}},"25":{"start":{"line":67,"column":6},"end":{"line":71,"column":7}},"26":{"start":{"line":68,"column":23},"end":{"line":68,"column":76}},"27":{"start":{"line":68,"column":58},"end":{"line":68,"column":74}},"28":{"start":{"line":69,"column":8},"end":{"line":69,"column":60}},"29":{"start":{"line":70,"column":8},"end":{"line":70,"column":14}},"30":{"start":{"line":73,"column":6},"end":{"line":75,"column":21}},"31":{"start":{"line":80,"column":4},"end":{"line":92,"column":5}},"32":{"start":{"line":81,"column":21},"end":{"line":81,"column":31}},"33":{"start":{"line":82,"column":38},"end":{"line":82,"column":46}},"34":{"start":{"line":84,"column":26},"end":{"line":84,"column":69}},"35":{"start":{"line":85,"column":6},"end":{"line":87,"column":27}},"36":{"start":{"line":89,"column":6},"end":{"line":91,"column":21}},"37":{"start":{"line":96,"column":4},"end":{"line":106,"column":5}},"38":{"start":{"line":97,"column":21},"end":{"line":97,"column":31}},"39":{"start":{"line":98,"column":26},"end":{"line":98,"column":63}},"40":{"start":{"line":99,"column":6},"end":{"line":101,"column":27}},"41":{"start":{"line":103,"column":6},"end":{"line":105,"column":21}},"42":{"start":{"line":11,"column":0},"end":{"line":11,"column":13}}},"fnMap":{"0":{"name":"(anonymous_7)","decl":{"start":{"line":12,"column":2},"end":{"line":12,"column":31}},"loc":{"start":{"line":12,"column":56},"end":{"line":12,"column":60}}},"1":{"name":"(anonymous_8)","decl":{"start":{"line":14,"column":8},"end":{"line":14,"column":14}},"loc":{"start":{"line":14,"column":42},"end":{"line":27,"column":null}}},"2":{"name":"(anonymous_10)","decl":{"start":{"line":29,"column":8},"end":{"line":29,"column":18}},"loc":{"start":{"line":29,"column":46},"end":{"line":42,"column":null}}},"3":{"name":"(anonymous_12)","decl":{"start":{"line":44,"column":8},"end":{"line":44,"column":15}},"loc":{"start":{"line":44,"column":43},"end":{"line":56,"column":null}}},"4":{"name":"(anonymous_14)","decl":{"start":{"line":58,"column":8},"end":{"line":58,"column":14}},"loc":{"start":{"line":58,"column":42},"end":{"line":77,"column":null}}},"5":{"name":"(anonymous_16)","decl":{"start":{"line":68,"column":40},"end":{"line":68,"column":41}},"loc":{"start":{"line":68,"column":58},"end":{"line":68,"column":74}}},"6":{"name":"(anonymous_17)","decl":{"start":{"line":79,"column":8},"end":{"line":79,"column":14}},"loc":{"start":{"line":79,"column":42},"end":{"line":93,"column":null}}},"7":{"name":"(anonymous_19)","decl":{"start":{"line":95,"column":8},"end":{"line":95,"column":18}},"loc":{"start":{"line":95,"column":46},"end":{"line":107,"column":null}}}},"branchMap":{"0":{"loc":{"start":{"line":67,"column":6},"end":{"line":71,"column":7}},"type":"if","locations":[{"start":{"line":67,"column":6},"end":{"line":71,"column":7}}]},"1":{"loc":{"start":{"line":67,"column":10},"end":{"line":67,"column":56}},"type":"binary-expr","locations":[{"start":{"line":67,"column":10},"end":{"line":67,"column":20}},{"start":{"line":67,"column":24},"end":{"line":67,"column":56}}]}},"s":{"0":1,"1":1,"2":1,"3":1,"4":4,"5":4,"6":4,"7":4,"8":3,"9":1,"10":3,"11":3,"12":3,"13":2,"14":1,"15":3,"16":3,"17":3,"18":2,"19":1,"20":4,"21":4,"22":4,"23":4,"24":2,"25":2,"26":1,"27":1,"28":1,"29":1,"30":1,"31":3,"32":3,"33":3,"34":3,"35":2,"36":1,"37":3,"38":3,"39":3,"40":2,"41":1,"42":1},"f":{"0":1,"1":4,"2":3,"3":3,"4":4,"5":1,"6":3,"7":3},"b":{"0":[1],"1":[2,1]}}
,"/home/admin/Área de Trabalho/BP TECH/EVO/teste/desafioBPTech/api/src/modules/user/repositories/UserRepository.ts": {"path":"/home/admin/Área de Trabalho/BP TECH/EVO/teste/desafioBPTech/api/src/modules/user/repositories/UserRepository.ts","statementMap":{"0":{"start":{"line":1,"column":0},"end":{"line":1,"column":50}},"1":{"start":{"line":5,"column":0},"end":{"line":5,"column":74}},"2":{"start":{"line":10,"column":31},"end":{"line":10,"column":57}},"3":{"start":{"line":13,"column":38},"end":{"line":13,"column":43}},"4":{"start":{"line":13,"column":34},"end":{"line":13,"column":38}},"5":{"start":{"line":15,"column":4},"end":{"line":18,"column":5}},"6":{"start":{"line":16,"column":20},"end":{"line":16,"column":133}},"7":{"start":{"line":17,"column":6},"end":{"line":17,"column":19}},"8":{"start":{"line":20,"column":18},"end":{"line":20,"column":70}},"9":{"start":{"line":22,"column":4},"end":{"line":22,"column":17}},"10":{"start":{"line":26,"column":17},"end":{"line":29,"column":6}},"11":{"start":{"line":30,"column":4},"end":{"line":30,"column":16}},"12":{"start":{"line":34,"column":4},"end":{"line":36,"column":5}},"13":{"start":{"line":35,"column":6},"end":{"line":35,"column":54}},"14":{"start":{"line":38,"column":17},"end":{"line":38,"column":75}},"15":{"start":{"line":39,"column":4},"end":{"line":39,"column":16}},"16":{"start":{"line":43,"column":20},"end":{"line":43,"column":53}},"17":{"start":{"line":44,"column":4},"end":{"line":44,"column":19}},"18":{"start":{"line":48,"column":4},"end":{"line":50,"column":5}},"19":{"start":{"line":49,"column":6},"end":{"line":49,"column":54}},"20":{"start":{"line":52,"column":17},"end":{"line":52,"column":39}},"21":{"start":{"line":53,"column":4},"end":{"line":55,"column":5}},"22":{"start":{"line":54,"column":6},"end":{"line":54,"column":null}},"23":{"start":{"line":57,"column":24},"end":{"line":59,"column":6}},"24":{"start":{"line":60,"column":4},"end":{"line":60,"column":35}},"25":{"start":{"line":64,"column":4},"end":{"line":66,"column":5}},"26":{"start":{"line":65,"column":6},"end":{"line":65,"column":null}},"27":{"start":{"line":68,"column":17},"end":{"line":68,"column":39}},"28":{"start":{"line":70,"column":4},"end":{"line":72,"column":5}},"29":{"start":{"line":71,"column":6},"end":{"line":71,"column":null}},"30":{"start":{"line":74,"column":4},"end":{"line":76,"column":5}},"31":{"start":{"line":75,"column":6},"end":{"line":75,"column":null}},"32":{"start":{"line":78,"column":24},"end":{"line":78,"column":111}},"33":{"start":{"line":79,"column":4},"end":{"line":79,"column":null}},"34":{"start":{"line":84,"column":4},"end":{"line":86,"column":5}},"35":{"start":{"line":85,"column":6},"end":{"line":85,"column":54}},"36":{"start":{"line":88,"column":24},"end":{"line":91,"column":null}},"37":{"start":{"line":93,"column":4},"end":{"line":93,"column":35}},"38":{"start":{"line":9,"column":0},"end":{"line":9,"column":13}}},"fnMap":{"0":{"name":"(anonymous_8)","decl":{"start":{"line":10,"column":2},"end":{"line":10,"column":31}},"loc":{"start":{"line":10,"column":57},"end":{"line":10,"column":61}}},"1":{"name":"(anonymous_9)","decl":{"start":{"line":12,"column":8},"end":{"line":12,"column":14}},"loc":{"start":{"line":12,"column":34},"end":{"line":23,"column":null}}},"2":{"name":"(anonymous_11)","decl":{"start":{"line":25,"column":8},"end":{"line":25,"column":18}},"loc":{"start":{"line":25,"column":32},"end":{"line":31,"column":null}}},"3":{"name":"(anonymous_13)","decl":{"start":{"line":33,"column":8},"end":{"line":33,"column":15}},"loc":{"start":{"line":33,"column":26},"end":{"line":40,"column":null}}},"4":{"name":"(anonymous_15)","decl":{"start":{"line":42,"column":8},"end":{"line":42,"column":14}},"loc":{"start":{"line":42,"column":34},"end":{"line":45,"column":null}}},"5":{"name":"(anonymous_17)","decl":{"start":{"line":47,"column":8},"end":{"line":47,"column":14}},"loc":{"start":{"line":47,"column":50},"end":{"line":61,"column":null}}},"6":{"name":"(anonymous_19)","decl":{"start":{"line":63,"column":8},"end":{"line":63,"column":22}},"loc":{"start":{"line":63,"column":33},"end":{"line":81,"column":null}}},"7":{"name":"(anonymous_21)","decl":{"start":{"line":83,"column":8},"end":{"line":83,"column":18}},"loc":{"start":{"line":83,"column":29},"end":{"line":94,"column":null}}}},"branchMap":{"0":{"loc":{"start":{"line":15,"column":4},"end":{"line":18,"column":5}},"type":"if","locations":[{"start":{"line":15,"column":4},"end":{"line":18,"column":5}}]},"1":{"loc":{"start":{"line":15,"column":7},"end":{"line":15,"column":20}},"type":"binary-expr","locations":[{"start":{"line":15,"column":7},"end":{"line":15,"column":11}},{"start":{"line":15,"column":15},"end":{"line":15,"column":20}}]},"2":{"loc":{"start":{"line":34,"column":4},"end":{"line":36,"column":5}},"type":"if","locations":[{"start":{"line":34,"column":4},"end":{"line":36,"column":5}}]},"3":{"loc":{"start":{"line":48,"column":4},"end":{"line":50,"column":5}},"type":"if","locations":[{"start":{"line":48,"column":4},"end":{"line":50,"column":5}}]},"4":{"loc":{"start":{"line":53,"column":4},"end":{"line":55,"column":5}},"type":"if","locations":[{"start":{"line":53,"column":4},"end":{"line":55,"column":5}}]},"5":{"loc":{"start":{"line":64,"column":4},"end":{"line":66,"column":5}},"type":"if","locations":[{"start":{"line":64,"column":4},"end":{"line":66,"column":5}}]},"6":{"loc":{"start":{"line":70,"column":4},"end":{"line":72,"column":5}},"type":"if","locations":[{"start":{"line":70,"column":4},"end":{"line":72,"column":5}}]},"7":{"loc":{"start":{"line":74,"column":4},"end":{"line":76,"column":5}},"type":"if","locations":[{"start":{"line":74,"column":4},"end":{"line":76,"column":5}}]},"8":{"loc":{"start":{"line":74,"column":7},"end":{"line":74,"column":36}},"type":"binary-expr","locations":[{"start":{"line":74,"column":7},"end":{"line":74,"column":11}},{"start":{"line":74,"column":15},"end":{"line":74,"column":36}}]},"9":{"loc":{"start":{"line":84,"column":4},"end":{"line":86,"column":5}},"type":"if","locations":[{"start":{"line":84,"column":4},"end":{"line":86,"column":5}}]}},"s":{"0":1,"1":1,"2":1,"3":2,"4":2,"5":2,"6":0,"7":0,"8":2,"9":2,"10":2,"11":2,"12":6,"13":0,"14":6,"15":6,"16":2,"17":2,"18":3,"19":1,"20":2,"21":2,"22":0,"23":2,"24":2,"25":3,"26":1,"27":2,"28":2,"29":0,"30":2,"31":0,"32":2,"33":2,"34":3,"35":1,"36":2,"37":2,"38":1},"f":{"0":1,"1":2,"2":2,"3":6,"4":2,"5":3,"6":3,"7":3},"b":{"0":[0],"1":[2,0],"2":[0],"3":[1],"4":[0],"5":[1],"6":[0],"7":[0],"8":[2,2],"9":[1]}}
,"/home/admin/Área de Trabalho/BP TECH/EVO/teste/desafioBPTech/api/src/modules/user/services/UserService.ts": {"path":"/home/admin/Área de Trabalho/BP TECH/EVO/teste/desafioBPTech/api/src/modules/user/services/UserService.ts","statementMap":{"0":{"start":{"line":2,"column":0},"end":{"line":2,"column":74}},"1":{"start":{"line":6,"column":0},"end":{"line":6,"column":51}},"2":{"start":{"line":11,"column":31},"end":{"line":11,"column":62}},"3":{"start":{"line":14,"column":18},"end":{"line":14,"column":57}},"4":{"start":{"line":16,"column":4},"end":{"line":18,"column":5}},"5":{"start":{"line":17,"column":6},"end":{"line":17,"column":56}},"6":{"start":{"line":20,"column":4},"end":{"line":20,"column":17}},"7":{"start":{"line":24,"column":17},"end":{"line":24,"column":60}},"8":{"start":{"line":26,"column":4},"end":{"line":28,"column":5}},"9":{"start":{"line":27,"column":6},"end":{"line":27,"column":55}},"10":{"start":{"line":30,"column":4},"end":{"line":30,"column":16}},"11":{"start":{"line":34,"column":17},"end":{"line":34,"column":54}},"12":{"start":{"line":36,"column":4},"end":{"line":38,"column":5}},"13":{"start":{"line":37,"column":6},"end":{"line":37,"column":55}},"14":{"start":{"line":40,"column":4},"end":{"line":40,"column":16}},"15":{"start":{"line":44,"column":4},"end":{"line":44,"column":59}},"16":{"start":{"line":45,"column":20},"end":{"line":45,"column":58}},"17":{"start":{"line":47,"column":4},"end":{"line":49,"column":5}},"18":{"start":{"line":48,"column":6},"end":{"line":48,"column":59}},"19":{"start":{"line":51,"column":4},"end":{"line":51,"column":19}},"20":{"start":{"line":55,"column":17},"end":{"line":55,"column":54}},"21":{"start":{"line":57,"column":4},"end":{"line":59,"column":5}},"22":{"start":{"line":58,"column":6},"end":{"line":58,"column":55}},"23":{"start":{"line":61,"column":24},"end":{"line":61,"column":70}},"24":{"start":{"line":63,"column":4},"end":{"line":65,"column":5}},"25":{"start":{"line":64,"column":6},"end":{"line":64,"column":59}},"26":{"start":{"line":67,"column":4},"end":{"line":67,"column":23}},"27":{"start":{"line":71,"column":17},"end":{"line":71,"column":54}},"28":{"start":{"line":73,"column":4},"end":{"line":75,"column":5}},"29":{"start":{"line":74,"column":6},"end":{"line":74,"column":55}},"30":{"start":{"line":77,"column":24},"end":{"line":77,"column":64}},"31":{"start":{"line":79,"column":4},"end":{"line":81,"column":5}},"32":{"start":{"line":80,"column":6},"end":{"line":80,"column":59}},"33":{"start":{"line":83,"column":4},"end":{"line":83,"column":23}},"34":{"start":{"line":87,"column":22},"end":{"line":87,"column":24}},"35":{"start":{"line":88,"column":27},"end":{"line":88,"column":61}},"36":{"start":{"line":90,"column":4},"end":{"line":90,"column":26}},"37":{"start":{"line":10,"column":0},"end":{"line":10,"column":13}}},"fnMap":{"0":{"name":"(anonymous_7)","decl":{"start":{"line":11,"column":2},"end":{"line":11,"column":31}},"loc":{"start":{"line":11,"column":62},"end":{"line":11,"column":66}}},"1":{"name":"(anonymous_8)","decl":{"start":{"line":13,"column":8},"end":{"line":13,"column":14}},"loc":{"start":{"line":13,"column":34},"end":{"line":21,"column":null}}},"2":{"name":"(anonymous_10)","decl":{"start":{"line":23,"column":8},"end":{"line":23,"column":18}},"loc":{"start":{"line":23,"column":32},"end":{"line":31,"column":null}}},"3":{"name":"(anonymous_12)","decl":{"start":{"line":33,"column":8},"end":{"line":33,"column":15}},"loc":{"start":{"line":33,"column":26},"end":{"line":41,"column":null}}},"4":{"name":"(anonymous_14)","decl":{"start":{"line":43,"column":8},"end":{"line":43,"column":14}},"loc":{"start":{"line":43,"column":34},"end":{"line":52,"column":null}}},"5":{"name":"(anonymous_16)","decl":{"start":{"line":54,"column":8},"end":{"line":54,"column":14}},"loc":{"start":{"line":54,"column":50},"end":{"line":68,"column":null}}},"6":{"name":"(anonymous_18)","decl":{"start":{"line":70,"column":8},"end":{"line":70,"column":18}},"loc":{"start":{"line":70,"column":29},"end":{"line":84,"column":null}}},"7":{"name":"(anonymous_20)","decl":{"start":{"line":86,"column":16},"end":{"line":86,"column":28}},"loc":{"start":{"line":86,"column":45},"end":{"line":91,"column":null}}}},"branchMap":{"0":{"loc":{"start":{"line":16,"column":4},"end":{"line":18,"column":5}},"type":"if","locations":[{"start":{"line":16,"column":4},"end":{"line":18,"column":5}}]},"1":{"loc":{"start":{"line":16,"column":8},"end":{"line":16,"column":36}},"type":"binary-expr","locations":[{"start":{"line":16,"column":8},"end":{"line":16,"column":14}},{"start":{"line":16,"column":18},"end":{"line":16,"column":36}}]},"2":{"loc":{"start":{"line":26,"column":4},"end":{"line":28,"column":5}},"type":"if","locations":[{"start":{"line":26,"column":4},"end":{"line":28,"column":5}}]},"3":{"loc":{"start":{"line":36,"column":4},"end":{"line":38,"column":5}},"type":"if","locations":[{"start":{"line":36,"column":4},"end":{"line":38,"column":5}}]},"4":{"loc":{"start":{"line":47,"column":4},"end":{"line":49,"column":5}},"type":"if","locations":[{"start":{"line":47,"column":4},"end":{"line":49,"column":5}}]},"5":{"loc":{"start":{"line":57,"column":4},"end":{"line":59,"column":5}},"type":"if","locations":[{"start":{"line":57,"column":4},"end":{"line":59,"column":5}}]},"6":{"loc":{"start":{"line":63,"column":4},"end":{"line":65,"column":5}},"type":"if","locations":[{"start":{"line":63,"column":4},"end":{"line":65,"column":5}}]},"7":{"loc":{"start":{"line":73,"column":4},"end":{"line":75,"column":5}},"type":"if","locations":[{"start":{"line":73,"column":4},"end":{"line":75,"column":5}}]},"8":{"loc":{"start":{"line":79,"column":4},"end":{"line":81,"column":5}},"type":"if","locations":[{"start":{"line":79,"column":4},"end":{"line":81,"column":5}}]}},"s":{"0":1,"1":1,"2":1,"3":2,"4":2,"5":1,"6":1,"7":2,"8":2,"9":1,"10":1,"11":2,"12":2,"13":1,"14":1,"15":3,"16":3,"17":3,"18":1,"19":2,"20":2,"21":2,"22":0,"23":2,"24":2,"25":1,"26":1,"27":2,"28":2,"29":0,"30":2,"31":2,"32":1,"33":1,"34":3,"35":3,"36":3,"37":1},"f":{"0":1,"1":2,"2":2,"3":2,"4":3,"5":2,"6":2,"7":3},"b":{"0":[1],"1":[2,1],"2":[1],"3":[1],"4":[1],"5":[0],"6":[1],"7":[0],"8":[1]}}
,"/home/admin/Área de Trabalho/BP TECH/EVO/teste/desafioBPTech/api/src/modules/user/utils/userConfig.ts": {"path":"/home/admin/Área de Trabalho/BP TECH/EVO/teste/desafioBPTech/api/src/modules/user/utils/userConfig.ts","statementMap":{"0":{"start":{"line":1,"column":13},"end":{"line":3,"column":null}}},"fnMap":{},"branchMap":{},"s":{"0":1},"f":{},"b":{}}
,"/home/admin/Área de Trabalho/BP TECH/EVO/teste/desafioBPTech/api/src/modules/user/utils/userSchemaValidator.ts": {"path":"/home/admin/Área de Trabalho/BP TECH/EVO/teste/desafioBPTech/api/src/modules/user/utils/userSchemaValidator.ts","statementMap":{"0":{"start":{"line":1,"column":0},"end":{"line":1,"column":27}},"1":{"start":{"line":3,"column":13},"end":{"line":8,"column":3}}},"fnMap":{},"branchMap":{},"s":{"0":1,"1":1},"f":{},"b":{}}
,"/home/admin/Área de Trabalho/BP TECH/EVO/teste/desafioBPTech/api/src/utils/crypt/Crypt.ts": {"path":"/home/admin/Área de Trabalho/BP TECH/EVO/teste/desafioBPTech/api/src/utils/crypt/Crypt.ts","statementMap":{"0":{"start":{"line":1,"column":0},"end":{"line":1,"column":27}},"1":{"start":{"line":5,"column":4},"end":{"line":5,"column":null}},"2":{"start":{"line":9,"column":4},"end":{"line":9,"column":null}},"3":{"start":{"line":3,"column":0},"end":{"line":3,"column":13}}},"fnMap":{"0":{"name":"(anonymous_1)","decl":{"start":{"line":4,"column":2},"end":{"line":4,"column":8}},"loc":{"start":{"line":4,"column":44},"end":{"line":6,"column":3}}},"1":{"name":"(anonymous_2)","decl":{"start":{"line":8,"column":2},"end":{"line":8,"column":8}},"loc":{"start":{"line":8,"column":43},"end":{"line":10,"column":3}}}},"branchMap":{},"s":{"0":1,"1":3,"2":0,"3":1},"f":{"0":3,"1":0},"b":{}}
,"/home/admin/Área de Trabalho/BP TECH/EVO/teste/desafioBPTech/api/src/utils/errorHandler/errorMessages.ts": {"path":"/home/admin/Área de Trabalho/BP TECH/EVO/teste/desafioBPTech/api/src/utils/errorHandler/errorMessages.ts","statementMap":{"0":{"start":{"line":3,"column":4},"end":{"line":3,"column":null}},"1":{"start":{"line":7,"column":4},"end":{"line":7,"column":null}},"2":{"start":{"line":11,"column":4},"end":{"line":11,"column":null}},"3":{"start":{"line":15,"column":4},"end":{"line":15,"column":null}},"4":{"start":{"line":19,"column":4},"end":{"line":19,"column":null}},"5":{"start":{"line":23,"column":4},"end":{"line":23,"column":null}},"6":{"start":{"line":27,"column":4},"end":{"line":27,"column":null}},"7":{"start":{"line":31,"column":4},"end":{"line":31,"column":null}},"8":{"start":{"line":35,"column":4},"end":{"line":35,"column":null}},"9":{"start":{"line":39,"column":4},"end":{"line":39,"column":null}},"10":{"start":{"line":43,"column":4},"end":{"line":43,"column":null}},"11":{"start":{"line":47,"column":4},"end":{"line":47,"column":null}},"12":{"start":{"line":51,"column":4},"end":{"line":51,"column":null}},"13":{"start":{"line":55,"column":4},"end":{"line":55,"column":null}},"14":{"start":{"line":59,"column":4},"end":{"line":59,"column":null}},"15":{"start":{"line":1,"column":0},"end":{"line":1,"column":13}}},"fnMap":{"0":{"name":"(anonymous_0)","decl":{"start":{"line":2,"column":2},"end":{"line":2,"column":8}},"loc":{"start":{"line":2,"column":32},"end":{"line":4,"column":3}}},"1":{"name":"(anonymous_1)","decl":{"start":{"line":6,"column":2},"end":{"line":6,"column":8}},"loc":{"start":{"line":6,"column":32},"end":{"line":8,"column":3}}},"2":{"name":"(anonymous_2)","decl":{"start":{"line":10,"column":2},"end":{"line":10,"column":8}},"loc":{"start":{"line":10,"column":36},"end":{"line":12,"column":3}}},"3":{"name":"(anonymous_3)","decl":{"start":{"line":14,"column":2},"end":{"line":14,"column":8}},"loc":{"start":{"line":14,"column":36},"end":{"line":16,"column":3}}},"4":{"name":"(anonymous_4)","decl":{"start":{"line":18,"column":2},"end":{"line":18,"column":8}},"loc":{"start":{"line":18,"column":36},"end":{"line":20,"column":3}}},"5":{"name":"(anonymous_5)","decl":{"start":{"line":22,"column":2},"end":{"line":22,"column":8}},"loc":{"start":{"line":22,"column":46},"end":{"line":24,"column":3}}},"6":{"name":"(anonymous_6)","decl":{"start":{"line":26,"column":2},"end":{"line":26,"column":8}},"loc":{"start":{"line":26,"column":46},"end":{"line":28,"column":3}}},"7":{"name":"(anonymous_7)","decl":{"start":{"line":30,"column":2},"end":{"line":30,"column":8}},"loc":{"start":{"line":30,"column":33},"end":{"line":32,"column":3}}},"8":{"name":"(anonymous_8)","decl":{"start":{"line":34,"column":2},"end":{"line":34,"column":8}},"loc":{"start":{"line":34,"column":21},"end":{"line":36,"column":3}}},"9":{"name":"(anonymous_9)","decl":{"start":{"line":38,"column":2},"end":{"line":38,"column":8}},"loc":{"start":{"line":38,"column":31},"end":{"line":40,"column":3}}},"10":{"name":"(anonymous_10)","decl":{"start":{"line":42,"column":2},"end":{"line":42,"column":8}},"loc":{"start":{"line":42,"column":21},"end":{"line":44,"column":3}}},"11":{"name":"(anonymous_11)","decl":{"start":{"line":46,"column":2},"end":{"line":46,"column":8}},"loc":{"start":{"line":46,"column":38},"end":{"line":48,"column":3}}},"12":{"name":"(anonymous_12)","decl":{"start":{"line":50,"column":2},"end":{"line":50,"column":8}},"loc":{"start":{"line":50,"column":33},"end":{"line":52,"column":3}}},"13":{"name":"(anonymous_13)","decl":{"start":{"line":54,"column":2},"end":{"line":54,"column":8}},"loc":{"start":{"line":54,"column":22},"end":{"line":56,"column":3}}},"14":{"name":"(anonymous_14)","decl":{"start":{"line":58,"column":2},"end":{"line":58,"column":8}},"loc":{"start":{"line":58,"column":41},"end":{"line":60,"column":3}}}},"branchMap":{},"s":{"0":12,"1":5,"2":2,"3":3,"4":3,"5":1,"6":1,"7":0,"8":0,"9":0,"10":0,"11":0,"12":1,"13":0,"14":0,"15":6},"f":{"0":12,"1":5,"2":2,"3":3,"4":3,"5":1,"6":1,"7":0,"8":0,"9":0,"10":0,"11":0,"12":1,"13":0,"14":0},"b":{}}
,"/home/admin/Área de Trabalho/BP TECH/EVO/teste/desafioBPTech/api/src/utils/removeUndefinedParams/removeUndefinedParams.ts": {"path":"/home/admin/Área de Trabalho/BP TECH/EVO/teste/desafioBPTech/api/src/utils/removeUndefinedParams/removeUndefinedParams.ts","statementMap":{"0":{"start":{"line":2,"column":38},"end":{"line":2,"column":40}},"1":{"start":{"line":3,"column":2},"end":{"line":7,"column":3}},"2":{"start":{"line":4,"column":4},"end":{"line":6,"column":5}},"3":{"start":{"line":5,"column":6},"end":{"line":5,"column":29}},"4":{"start":{"line":8,"column":2},"end":{"line":8,"column":16}},"5":{"start":{"line":1,"column":0},"end":{"line":1,"column":16}}},"fnMap":{"0":{"name":"removeUndefinedParams","decl":{"start":{"line":1,"column":16},"end":{"line":1,"column":37}},"loc":{"start":{"line":1,"column":62},"end":{"line":9,"column":1}}}},"branchMap":{"0":{"loc":{"start":{"line":4,"column":4},"end":{"line":6,"column":5}},"type":"if","locations":[{"start":{"line":4,"column":4},"end":{"line":6,"column":5}}]}},"s":{"0":11,"1":11,"2":61,"3":10,"4":11,"5":3},"f":{"0":11},"b":{"0":[10]}}
,"/home/admin/Área de Trabalho/BP TECH/EVO/teste/desafioBPTech/api/src/utils/statusCodes/StatusCode.ts": {"path":"/home/admin/Área de Trabalho/BP TECH/EVO/teste/desafioBPTech/api/src/utils/statusCodes/StatusCode.ts","statementMap":{"0":{"start":{"line":1,"column":0},"end":{"line":1,"column":null}},"1":{"start":{"line":2,"column":2},"end":{"line":2,"column":null}},"2":{"start":{"line":3,"column":2},"end":{"line":3,"column":null}},"3":{"start":{"line":4,"column":2},"end":{"line":4,"column":null}},"4":{"start":{"line":5,"column":2},"end":{"line":5,"column":null}},"5":{"start":{"line":6,"column":2},"end":{"line":6,"column":null}},"6":{"start":{"line":7,"column":2},"end":{"line":7,"column":null}},"7":{"start":{"line":8,"column":2},"end":{"line":8,"column":null}},"8":{"start":{"line":9,"column":2},"end":{"line":9,"column":null}},"9":{"start":{"line":10,"column":2},"end":{"line":10,"column":null}},"10":{"start":{"line":11,"column":2},"end":{"line":11,"column":null}},"11":{"start":{"line":12,"column":2},"end":{"line":12,"column":null}},"12":{"start":{"line":13,"column":2},"end":{"line":13,"column":null}}},"fnMap":{"0":{"name":"(anonymous_0)","decl":{"start":{"line":1,"column":0},"end":{"line":1,"column":12}},"loc":{"start":{"line":1,"column":22},"end":{"line":14,"column":1}}}},"branchMap":{"0":{"loc":{"start":{"line":1,"column":12},"end":{"line":1,"column":null}},"type":"binary-expr","locations":[{"start":{"line":1,"column":12},"end":{"line":1,"column":22}},{"start":{"line":1,"column":22},"end":{"line":1,"column":null}}]}},"s":{"0":3,"1":3,"2":3,"3":3,"4":3,"5":3,"6":3,"7":3,"8":3,"9":3,"10":3,"11":3,"12":3},"f":{"0":3},"b":{"0":[3,3]}}
}
