TN:
SF:src/__mocks __/fakeObjectId.ts
FNF:0
FNH:0
DA:1,8
DA:2,8
DA:7,8
LF:3
LH:3
BRF:0
BRH:0
end_of_record
TN:
SF:src/__mocks __/fakeRequestResponse.ts
FN:4,(anonymous_0)
FN:13,(anonymous_1)
FN:22,(anonymous_2)
FNF:3
FNH:2
FNDA:3,(anonymous_0)
FNDA:0,(anonymous_1)
FNDA:3,(anonymous_2)
DA:2,3
DA:4,3
DA:5,3
DA:6,3
DA:7,3
DA:8,3
DA:9,3
DA:10,3
DA:13,3
DA:14,0
DA:15,0
DA:16,0
DA:17,0
DA:18,0
DA:19,0
DA:22,3
DA:23,3
DA:24,3
DA:25,3
DA:26,3
LF:20
LH:14
BRF:0
BRH:0
end_of_record
TN:
SF:src/__mocks __/fakeToken.ts
FNF:0
FNH:0
DA:1,1
LF:1
LH:1
BRF:0
BRH:0
end_of_record
TN:
SF:src/modules/appointment/controllers/AppointmentController.ts
FN:14,(anonymous_8)
FN:16,(anonymous_9)
FN:31,(anonymous_11)
FN:46,(anonymous_13)
FN:57,(anonymous_14)
FN:71,(anonymous_16)
FN:83,(anonymous_18)
FN:110,(anonymous_20)
FN:121,(anonymous_21)
FN:140,(anonymous_23)
FNF:10
FNH:9
FNDA:1,(anonymous_8)
FNDA:4,(anonymous_9)
FNDA:3,(anonymous_11)
FNDA:0,(anonymous_13)
FNDA:3,(anonymous_14)
FNDA:3,(anonymous_16)
FNDA:4,(anonymous_18)
FNDA:1,(anonymous_20)
FNDA:3,(anonymous_21)
FNDA:3,(anonymous_23)
DA:1,1
DA:4,1
DA:6,1
DA:8,1
DA:9,1
DA:11,1
DA:13,1
DA:14,1
DA:17,4
DA:18,4
DA:19,4
DA:20,4
DA:21,3
DA:25,1
DA:32,3
DA:33,3
DA:34,3
DA:35,3
DA:37,3
DA:41,2
DA:45,1
DA:46,0
DA:47,0
DA:48,0
DA:51,1
DA:58,3
DA:59,3
DA:60,3
DA:61,2
DA:65,1
DA:72,3
DA:73,3
DA:74,3
DA:75,2
DA:77,1
DA:84,4
DA:85,4
DA:87,4
DA:88,4
DA:89,4
DA:91,4
DA:92,4
DA:96,4
DA:97,4
DA:101,4
DA:105,2
DA:109,2
DA:110,1
DA:111,1
DA:112,1
DA:115,1
DA:122,3
DA:123,3
DA:124,3
DA:126,3
DA:130,2
DA:134,1
DA:141,3
DA:142,3
DA:143,3
DA:144,2
DA:148,1
LF:62
LH:59
BRDA:45,0,0,0
BRDA:87,1,0,4
BRDA:91,2,0,4
BRDA:91,3,0,4
BRDA:91,3,1,4
BRDA:91,3,2,4
BRDA:109,4,0,1
BRF:7
BRH:6
end_of_record
TN:
SF:src/modules/appointment/services/AppointmentService.ts
FN:18,(anonymous_7)
FN:24,(anonymous_8)
FN:33,(anonymous_10)
FN:49,(anonymous_12)
FN:63,(anonymous_14)
FN:77,(anonymous_16)
FN:102,(anonymous_18)
FN:121,(anonymous_20)
FN:136,(anonymous_22)
FN:152,(anonymous_24)
FN:161,(anonymous_25)
FN:165,(anonymous_27)
FN:172,(anonymous_28)
FN:178,(anonymous_29)
FN:199,(anonymous_30)
FNF:15
FNH:15
FNDA:1,(anonymous_7)
FNDA:2,(anonymous_8)
FNDA:2,(anonymous_10)
FNDA:6,(anonymous_12)
FNDA:2,(anonymous_14)
FNDA:7,(anonymous_16)
FNDA:2,(anonymous_18)
FNDA:2,(anonymous_20)
FNDA:2,(anonymous_22)
FNDA:10,(anonymous_24)
FNDA:2,(anonymous_25)
FNDA:10,(anonymous_27)
FNDA:20,(anonymous_28)
FNDA:7,(anonymous_29)
FNDA:5,(anonymous_30)
DA:1,1
DA:2,1
DA:7,1
DA:14,1
DA:17,1
DA:19,1
DA:20,1
DA:21,1
DA:25,2
DA:27,2
DA:28,1
DA:30,1
DA:37,2
DA:42,2
DA:43,1
DA:46,1
DA:50,6
DA:51,0
DA:54,6
DA:56,6
DA:57,1
DA:60,5
DA:64,2
DA:65,0
DA:68,2
DA:70,2
DA:71,1
DA:74,1
DA:78,7
DA:80,7
DA:81,7
DA:83,7
DA:85,5
DA:87,2
DA:89,2
DA:91,2
DA:93,2
DA:94,1
DA:97,1
DA:99,1
DA:103,2
DA:105,2
DA:106,0
DA:109,2
DA:114,2
DA:115,1
DA:118,1
DA:122,2
DA:123,2
DA:124,0
DA:127,2
DA:129,2
DA:130,1
DA:133,1
DA:137,2
DA:138,0
DA:141,2
DA:142,2
DA:143,2
DA:144,2
DA:148,2
DA:149,0
DA:152,2
DA:153,10
DA:156,2
DA:157,0
DA:162,2
DA:163,2
DA:165,10
DA:167,2
DA:168,0
DA:173,20
DA:183,7
DA:184,7
DA:186,7
DA:187,1
DA:192,6
DA:193,1
DA:200,5
DA:206,5
DA:208,5
DA:209,1
DA:212,4
DA:213,2
DA:216,2
DA:217,0
DA:220,2
DA:221,2
DA:223,2
LF:89
LH:80
BRDA:27,0,0,1
BRDA:27,1,0,2
BRDA:27,1,1,2
BRDA:42,2,0,1
BRDA:42,3,0,2
BRDA:42,3,1,2
BRDA:50,4,0,0
BRDA:56,5,0,1
BRDA:64,6,0,0
BRDA:70,7,0,1
BRDA:70,8,0,2
BRDA:70,8,1,2
BRDA:93,9,0,1
BRDA:105,10,0,0
BRDA:114,11,0,1
BRDA:123,12,0,0
BRDA:129,13,0,1
BRDA:137,14,0,0
BRDA:148,15,0,0
BRDA:156,16,0,0
BRDA:167,17,0,0
BRDA:174,18,0,20
BRDA:174,18,1,0
BRDA:186,19,0,1
BRDA:192,20,0,1
BRDA:208,21,0,1
BRDA:208,22,0,5
BRDA:208,22,1,5
BRDA:212,23,0,2
BRDA:212,24,0,4
BRDA:212,24,1,4
BRDA:216,25,0,0
BRDA:216,26,0,2
BRDA:216,26,1,2
BRF:34
BRH:24
end_of_record
TN:
SF:src/modules/appointment/utils/appointmentDuration.ts
FN:1,(anonymous_0)
FNF:1
FNH:1
FNDA:2,(anonymous_0)
DA:1,2
DA:2,2
DA:3,2
LF:3
LH:3
BRDA:1,0,0,2
BRDA:1,0,1,2
BRF:2
BRH:2
end_of_record
TN:
SF:src/modules/appointment/utils/validators/appointmentDatesValidator.ts
FNF:0
FNH:0
DA:1,1
DA:3,1
LF:2
LH:2
BRF:0
BRH:0
end_of_record
TN:
SF:src/modules/appointment/utils/validators/appointmentSchemaValidator.ts
FN:13,(anonymous_6)
FNF:1
FNH:1
FNDA:4,(anonymous_6)
DA:1,1
DA:2,1
DA:4,1
DA:14,4
DA:15,4
DA:17,4
LF:6
LH:6
BRDA:17,0,0,4
BRDA:17,0,1,4
BRF:2
BRH:2
end_of_record
TN:
SF:src/modules/room/controllers/RoomController.ts
FN:12,(anonymous_7)
FN:14,(anonymous_8)
FN:25,(anonymous_10)
FN:35,(anonymous_12)
FN:43,(anonymous_14)
FN:52,(anonymous_15)
FN:64,(anonymous_17)
FNF:7
FNH:7
FNDA:1,(anonymous_7)
FNDA:3,(anonymous_8)
FNDA:3,(anonymous_10)
FNDA:4,(anonymous_12)
FNDA:1,(anonymous_14)
FNDA:3,(anonymous_15)
FNDA:3,(anonymous_17)
DA:1,1
DA:5,1
DA:7,1
DA:11,1
DA:12,1
DA:15,3
DA:16,3
DA:17,3
DA:18,3
DA:19,2
DA:21,1
DA:26,3
DA:27,3
DA:28,3
DA:29,2
DA:31,1
DA:36,4
DA:37,4
DA:38,4
DA:39,4
DA:40,2
DA:42,2
DA:43,1
DA:44,1
DA:45,1
DA:48,1
DA:53,3
DA:54,3
DA:55,3
DA:57,3
DA:58,2
DA:60,1
DA:65,3
DA:66,3
DA:67,3
DA:68,2
DA:72,1
LF:37
LH:37
BRDA:42,0,0,1
BRF:1
BRH:1
end_of_record
TN:
SF:src/modules/room/repositories/RoomRepository.ts
FN:10,(anonymous_8)
FN:12,(anonymous_9)
FN:24,(anonymous_11)
FN:33,(anonymous_13)
FN:38,(anonymous_15)
FN:53,(anonymous_17)
FNF:6
FNH:6
FNDA:1,(anonymous_8)
FNDA:2,(anonymous_9)
FNDA:3,(anonymous_11)
FNDA:2,(anonymous_13)
FNDA:3,(anonymous_15)
FNDA:3,(anonymous_17)
DA:1,1
DA:3,1
DA:9,1
DA:10,1
DA:13,2
DA:15,2
DA:16,0
DA:17,0
DA:20,2
DA:21,2
DA:25,3
DA:26,0
DA:29,3
DA:30,3
DA:34,2
DA:35,2
DA:39,3
DA:40,1
DA:43,2
DA:44,2
DA:45,0
DA:48,2
DA:50,2
DA:54,3
DA:55,1
DA:58,2
DA:60,2
LF:27
LH:23
BRDA:15,0,0,0
BRDA:15,1,0,2
BRDA:15,1,1,0
BRDA:25,2,0,0
BRDA:39,3,0,1
BRDA:44,4,0,0
BRDA:54,5,0,1
BRF:7
BRH:3
end_of_record
TN:
SF:src/modules/room/services/RoomService.ts
FN:12,(anonymous_7)
FN:14,(anonymous_8)
FN:24,(anonymous_10)
FN:34,(anonymous_12)
FN:49,(anonymous_14)
FN:65,(anonymous_16)
FNF:6
FNH:6
FNDA:1,(anonymous_7)
FNDA:2,(anonymous_8)
FNDA:2,(anonymous_10)
FNDA:2,(anonymous_12)
FNDA:2,(anonymous_14)
FNDA:2,(anonymous_16)
DA:2,1
DA:7,1
DA:11,1
DA:12,1
DA:15,2
DA:17,2
DA:18,1
DA:21,1
DA:25,2
DA:27,2
DA:28,1
DA:31,1
DA:35,2
DA:36,2
DA:37,1
DA:40,1
DA:42,1
DA:43,0
DA:46,1
DA:50,2
DA:52,2
DA:53,0
DA:56,2
DA:58,2
DA:59,1
DA:62,1
DA:66,2
DA:68,2
DA:69,0
DA:72,2
DA:74,2
DA:75,1
DA:78,1
LF:33
LH:30
BRDA:17,0,0,1
BRDA:17,1,0,2
BRDA:17,1,1,1
BRDA:27,2,0,1
BRDA:36,3,0,1
BRDA:36,4,0,2
BRDA:36,4,1,2
BRDA:42,5,0,0
BRDA:52,6,0,0
BRDA:58,7,0,1
BRDA:68,8,0,0
BRDA:74,9,0,1
BRF:12
BRH:9
end_of_record
TN:
SF:src/modules/room/utils/roomConfig.ts
FNF:0
FNH:0
DA:1,3
LF:1
LH:1
BRF:0
BRH:0
end_of_record
TN:
SF:src/modules/room/utils/roomSchemaValidator.ts
FNF:0
FNH:0
DA:1,1
DA:3,1
LF:2
LH:2
BRF:0
BRH:0
end_of_record
TN:
SF:src/modules/user/controllers/UserController.ts
FN:12,(anonymous_7)
FN:14,(anonymous_8)
FN:29,(anonymous_10)
FN:44,(anonymous_12)
FN:58,(anonymous_14)
FN:68,(anonymous_16)
FN:79,(anonymous_17)
FN:95,(anonymous_19)
FNF:8
FNH:8
FNDA:1,(anonymous_7)
FNDA:4,(anonymous_8)
FNDA:3,(anonymous_10)
FNDA:3,(anonymous_12)
FNDA:4,(anonymous_14)
FNDA:1,(anonymous_16)
FNDA:3,(anonymous_17)
FNDA:3,(anonymous_19)
DA:4,1
DA:5,1
DA:9,1
DA:11,1
DA:12,1
DA:15,4
DA:16,4
DA:17,4
DA:18,4
DA:19,3
DA:23,1
DA:30,3
DA:31,3
DA:33,3
DA:34,2
DA:38,1
DA:45,3
DA:46,3
DA:47,3
DA:48,2
DA:52,1
DA:59,4
DA:60,4
DA:61,4
DA:62,4
DA:63,2
DA:67,2
DA:68,1
DA:69,1
DA:70,1
DA:73,1
DA:80,3
DA:81,3
DA:82,3
DA:84,3
DA:85,2
DA:89,1
DA:96,3
DA:97,3
DA:98,3
DA:99,2
DA:103,1
LF:42
LH:42
BRDA:67,0,0,1
BRDA:67,1,0,2
BRDA:67,1,1,1
BRF:3
BRH:3
end_of_record
TN:
SF:src/modules/user/repositories/UserRepository.ts
FN:10,(anonymous_8)
FN:12,(anonymous_9)
FN:25,(anonymous_11)
FN:33,(anonymous_13)
FN:42,(anonymous_15)
FN:47,(anonymous_17)
FN:63,(anonymous_19)
FN:83,(anonymous_21)
FNF:8
FNH:8
FNDA:1,(anonymous_8)
FNDA:2,(anonymous_9)
FNDA:2,(anonymous_11)
FNDA:6,(anonymous_13)
FNDA:2,(anonymous_15)
FNDA:3,(anonymous_17)
FNDA:3,(anonymous_19)
FNDA:3,(anonymous_21)
DA:1,1
DA:5,1
DA:9,1
DA:10,1
DA:13,2
DA:15,2
DA:16,0
DA:17,0
DA:20,2
DA:22,2
DA:26,2
DA:30,2
DA:34,6
DA:35,0
DA:38,6
DA:39,6
DA:43,2
DA:44,2
DA:48,3
DA:49,1
DA:52,2
DA:53,2
DA:54,0
DA:57,2
DA:60,2
DA:64,3
DA:65,1
DA:68,2
DA:70,2
DA:71,0
DA:74,2
DA:75,0
DA:78,2
DA:79,2
DA:84,3
DA:85,1
DA:88,2
DA:93,2
LF:38
LH:32
BRDA:15,0,0,0
BRDA:15,1,0,2
BRDA:15,1,1,0
BRDA:34,2,0,0
BRDA:48,3,0,1
BRDA:53,4,0,0
BRDA:64,5,0,1
BRDA:70,6,0,0
BRDA:74,7,0,0
BRDA:74,8,0,2
BRDA:74,8,1,2
BRDA:84,9,0,1
BRF:12
BRH:6
end_of_record
TN:
SF:src/modules/user/services/UserService.ts
FN:11,(anonymous_7)
FN:13,(anonymous_8)
FN:23,(anonymous_10)
FN:33,(anonymous_12)
FN:43,(anonymous_14)
FN:54,(anonymous_16)
FN:70,(anonymous_18)
FN:86,(anonymous_20)
FNF:8
FNH:8
FNDA:1,(anonymous_7)
FNDA:2,(anonymous_8)
FNDA:2,(anonymous_10)
FNDA:2,(anonymous_12)
FNDA:3,(anonymous_14)
FNDA:2,(anonymous_16)
FNDA:2,(anonymous_18)
FNDA:3,(anonymous_20)
DA:2,1
DA:6,1
DA:10,1
DA:11,1
DA:14,2
DA:16,2
DA:17,1
DA:20,1
DA:24,2
DA:26,2
DA:27,1
DA:30,1
DA:34,2
DA:36,2
DA:37,1
DA:40,1
DA:44,3
DA:45,3
DA:47,3
DA:48,1
DA:51,2
DA:55,2
DA:57,2
DA:58,0
DA:61,2
DA:63,2
DA:64,1
DA:67,1
DA:71,2
DA:73,2
DA:74,0
DA:77,2
DA:79,2
DA:80,1
DA:83,1
DA:87,3
DA:88,3
DA:90,3
LF:38
LH:36
BRDA:16,0,0,1
BRDA:16,1,0,2
BRDA:16,1,1,1
BRDA:26,2,0,1
BRDA:36,3,0,1
BRDA:47,4,0,1
BRDA:57,5,0,0
BRDA:63,6,0,1
BRDA:73,7,0,0
BRDA:79,8,0,1
BRF:10
BRH:8
end_of_record
TN:
SF:src/modules/user/utils/userConfig.ts
FNF:0
FNH:0
DA:1,1
LF:1
LH:1
BRF:0
BRH:0
end_of_record
TN:
SF:src/modules/user/utils/userSchemaValidator.ts
FNF:0
FNH:0
DA:1,1
DA:3,1
LF:2
LH:2
BRF:0
BRH:0
end_of_record
TN:
SF:src/utils/crypt/Crypt.ts
FN:4,(anonymous_1)
FN:8,(anonymous_2)
FNF:2
FNH:1
FNDA:3,(anonymous_1)
FNDA:0,(anonymous_2)
DA:1,1
DA:3,1
DA:5,3
DA:9,0
LF:4
LH:3
BRF:0
BRH:0
end_of_record
TN:
SF:src/utils/errorHandler/errorMessages.ts
FN:2,(anonymous_0)
FN:6,(anonymous_1)
FN:10,(anonymous_2)
FN:14,(anonymous_3)
FN:18,(anonymous_4)
FN:22,(anonymous_5)
FN:26,(anonymous_6)
FN:30,(anonymous_7)
FN:34,(anonymous_8)
FN:38,(anonymous_9)
FN:42,(anonymous_10)
FN:46,(anonymous_11)
FN:50,(anonymous_12)
FN:54,(anonymous_13)
FN:58,(anonymous_14)
FNF:15
FNH:9
FNDA:12,(anonymous_0)
FNDA:5,(anonymous_1)
FNDA:2,(anonymous_2)
FNDA:3,(anonymous_3)
FNDA:3,(anonymous_4)
FNDA:1,(anonymous_5)
FNDA:1,(anonymous_6)
FNDA:0,(anonymous_7)
FNDA:0,(anonymous_8)
FNDA:0,(anonymous_9)
FNDA:0,(anonymous_10)
FNDA:4,(anonymous_11)
FNDA:1,(anonymous_12)
FNDA:0,(anonymous_13)
FNDA:0,(anonymous_14)
DA:1,6
DA:3,12
DA:7,5
DA:11,2
DA:15,3
DA:19,3
DA:23,1
DA:27,1
DA:31,0
DA:35,0
DA:39,0
DA:43,0
DA:47,4
DA:51,1
DA:55,0
DA:59,0
LF:16
LH:10
BRF:0
BRH:0
end_of_record
TN:
SF:src/utils/removeUndefinedParams/removeUndefinedParams.ts
FN:1,removeUndefinedParams
FNF:1
FNH:1
FNDA:11,removeUndefinedParams
DA:1,3
DA:2,11
DA:3,11
DA:4,61
DA:5,10
DA:8,11
LF:6
LH:6
BRDA:4,0,0,10
BRF:1
BRH:1
end_of_record
TN:
SF:src/utils/statusCodes/StatusCode.ts
FN:1,(anonymous_0)
FNF:1
FNH:1
FNDA:3,(anonymous_0)
DA:1,3
DA:2,3
DA:3,3
DA:4,3
DA:5,3
DA:6,3
DA:7,3
DA:8,3
DA:9,3
DA:10,3
DA:11,3
DA:12,3
DA:13,3
LF:13
LH:13
BRDA:1,0,0,3
BRDA:1,0,1,3
BRF:2
BRH:2
end_of_record
